[    2432ms] [LOG] phx-GKVItJjRB0M-agBE mount:  -  {0: , 1: , 2: Object, 3: Object, 4: , 5: , 6: , 7: , 8: , 9: , 10: , 11: , p: Object, s: 8, r: 1} @ http://localhost:4000/assets/js/app.js:1863
[   76340ms] [LOG] phx-GKVItJjRB0M-agBE update:  -  {2: Object, 3: , 4: Object, 5: , 6: , 7: , 8: , 9: , 10: , 11: , p: Object} @ http://localhost:4000/assets/js/app.js:1863
[   79666ms] [LOG] phx-GKVItJjRB0M-agBE update:  -  {2: Object, 3: Object, 4: , 5: , 6: , 7: , 8: , 9: , 10: , 11: , p: Object} @ http://localhost:4000/assets/js/app.js:1863
[  221782ms] [LOG] phx-GKVItJjRB0M-agBE update:  -  {2: Object, 3: , 4: , 5: , 6: , 7: , 8: , 9: , 10: Object, 11: , p: Object} @ http://localhost:4000/assets/js/app.js:1863
[  244467ms] [LOG] phx-GKVItJjRB0M-agBE update:  -  {0: Object, p: Object} @ http://localhost:4000/assets/js/app.js:1863
[  246354ms] [LOG] phx-GKVItJjRB0M-agBE update:  -  {0: , 3: , 11: Object, p: Object} @ http://localhost:4000/assets/js/app.js:1863
[  261664ms] [ERROR] %c📡 [notice] SIGTERM received - shutting down

 color: inherit; @ http://localhost:4000/phoenix/live_reload/frame:1828
[  261664ms] [INFO] %c📡 [info] DRAINING 1 of 1 total connection(s) for socket Phoenix.LiveView.Socket every 2000ms - round 1 of 1
 color: inherit; @ http://localhost:4000/phoenix/live_reload/frame:1828
[  261664ms] [INFO] %c📡 [info] DRAINING 1 of 1 total connection(s) for socket Phoenix.LiveReloader.Socket every 2000ms - round 1 of 1
 color: inherit; @ http://localhost:4000/phoenix/live_reload/frame:1828
[  261681ms] [ERROR] WebSocket connection to 'ws://localhost:4000/phoenix/live_reload/socket/websocket?vsn=2.0.0' failed: Error in connection establishment: net::ERR_CONNECTION_REFUSED @ http://localhost:4000/phoenix/live_reload/frame:1340
[  261692ms] [ERROR] WebSocket connection to 'ws://localhost:4000/live/websocket?_csrf_token=NCgUEnNYJiQgVQ9jI2IeMB01D2xMTlUGbOyuJ9yhq-N0uWZEGbUT-cam&_track_static%5B0%5D=http%3A%2F%2Flocalhost%3A4000%2Fassets%2Fcss%2Fapp.css&_track_static%5B1%5D=http%3A%2F%2Flocalhost%3A4000%2Fassets%2Fjs%2Fapp.js&_mounts=0&_mount_attempts=0&_live_referer=undefined&vsn=2.0.0' failed: Error in connection establishment: net::ERR_CONNECTION_REFUSED @ http://localhost:4000/assets/js/app.js:1343
[  261694ms] [ERROR] Failed to load resource: net::ERR_CONNECTION_REFUSED @ http://localhost:4000/live/longpoll?_csrf_token=NCgUEnNYJiQgVQ9jI2IeMB01D2xMTlUGbOyuJ9yhq-N0uWZEGbUT-cam&_track_static%5B0%5D=http%3A%2F%2Flocalhost%3A4000%2Fassets%2Fcss%2Fapp.css&_track_static%5B1%5D=http%3A%2F%2Flocalhost%3A4000%2Fassets%2Fjs%2Fapp.js&_mounts=0&_mount_attempts=0&_live_referer=undefined&vsn=2.0.0&:0
[  261705ms] [ERROR] Failed to load resource: net::ERR_CONNECTION_REFUSED @ http://localhost:4000/live/longpoll?_csrf_token=NCgUEnNYJiQgVQ9jI2IeMB01D2xMTlUGbOyuJ9yhq-N0uWZEGbUT-cam&_track_static%5B0%5D=http%3A%2F%2Flocalhost%3A4000%2Fassets%2Fcss%2Fapp.css&_track_static%5B1%5D=http%3A%2F%2Flocalhost%3A4000%2Fassets%2Fjs%2Fapp.js&_mounts=0&_mount_attempts=0&_live_referer=undefined&vsn=2.0.0&:0
[  261733ms] [ERROR] WebSocket connection to 'ws://localhost:4000/phoenix/live_reload/socket/websocket?vsn=2.0.0' failed: Error in connection establishment: net::ERR_CONNECTION_REFUSED @ http://localhost:4000/phoenix/live_reload/frame:1340
[  261758ms] [ERROR] Failed to load resource: net::ERR_CONNECTION_REFUSED @ http://localhost:4000/live/longpoll?_csrf_token=NCgUEnNYJiQgVQ9jI2IeMB01D2xMTlUGbOyuJ9yhq-N0uWZEGbUT-cam&_track_static%5B0%5D=http%3A%2F%2Flocalhost%3A4000%2Fassets%2Fcss%2Fapp.css&_track_static%5B1%5D=http%3A%2F%2Flocalhost%3A4000%2Fassets%2Fjs%2Fapp.js&_mounts=0&_mount_attempts=0&_live_referer=undefined&vsn=2.0.0&:0
[  261835ms] [ERROR] WebSocket connection to 'ws://localhost:4000/phoenix/live_reload/socket/websocket?vsn=2.0.0' failed: Error in connection establishment: net::ERR_CONNECTION_REFUSED @ http://localhost:4000/phoenix/live_reload/frame:1340
[  261861ms] [ERROR] Failed to load resource: net::ERR_CONNECTION_REFUSED @ http://localhost:4000/live/longpoll?_csrf_token=NCgUEnNYJiQgVQ9jI2IeMB01D2xMTlUGbOyuJ9yhq-N0uWZEGbUT-cam&_track_static%5B0%5D=http%3A%2F%2Flocalhost%3A4000%2Fassets%2Fcss%2Fapp.css&_track_static%5B1%5D=http%3A%2F%2Flocalhost%3A4000%2Fassets%2Fjs%2Fapp.js&_mounts=0&_mount_attempts=0&_live_referer=undefined&vsn=2.0.0&:0
[  261988ms] [ERROR] WebSocket connection to 'ws://localhost:4000/phoenix/live_reload/socket/websocket?vsn=2.0.0' failed: Error in connection establishment: net::ERR_CONNECTION_REFUSED @ http://localhost:4000/phoenix/live_reload/frame:1340
[  262013ms] [ERROR] Failed to load resource: net::ERR_CONNECTION_REFUSED @ http://localhost:4000/live/longpoll?_csrf_token=NCgUEnNYJiQgVQ9jI2IeMB01D2xMTlUGbOyuJ9yhq-N0uWZEGbUT-cam&_track_static%5B0%5D=http%3A%2F%2Flocalhost%3A4000%2Fassets%2Fcss%2Fapp.css&_track_static%5B1%5D=http%3A%2F%2Flocalhost%3A4000%2Fassets%2Fjs%2Fapp.js&_mounts=0&_mount_attempts=0&_live_referer=undefined&vsn=2.0.0&:0
[  262193ms] [ERROR] WebSocket connection to 'ws://localhost:4000/phoenix/live_reload/socket/websocket?vsn=2.0.0' failed: Error in connection establishment: net::ERR_CONNECTION_REFUSED @ http://localhost:4000/phoenix/live_reload/frame:1340
[  262215ms] [ERROR] Failed to load resource: net::ERR_CONNECTION_REFUSED @ http://localhost:4000/live/longpoll?_csrf_token=NCgUEnNYJiQgVQ9jI2IeMB01D2xMTlUGbOyuJ9yhq-N0uWZEGbUT-cam&_track_static%5B0%5D=http%3A%2F%2Flocalhost%3A4000%2Fassets%2Fcss%2Fapp.css&_track_static%5B1%5D=http%3A%2F%2Flocalhost%3A4000%2Fassets%2Fjs%2Fapp.js&_mounts=0&_mount_attempts=0&_live_referer=undefined&vsn=2.0.0&:0
[  262446ms] [ERROR] WebSocket connection to 'ws://localhost:4000/phoenix/live_reload/socket/websocket?vsn=2.0.0' failed: Error in connection establishment: net::ERR_CONNECTION_REFUSED @ http://localhost:4000/phoenix/live_reload/frame:1340
[  262467ms] [ERROR] Failed to load resource: net::ERR_CONNECTION_REFUSED @ http://localhost:4000/live/longpoll?_csrf_token=NCgUEnNYJiQgVQ9jI2IeMB01D2xMTlUGbOyuJ9yhq-N0uWZEGbUT-cam&_track_static%5B0%5D=http%3A%2F%2Flocalhost%3A4000%2Fassets%2Fcss%2Fapp.css&_track_static%5B1%5D=http%3A%2F%2Flocalhost%3A4000%2Fassets%2Fjs%2Fapp.js&_mounts=0&_mount_attempts=0&_live_referer=undefined&vsn=2.0.0&:0
[  262967ms] [ERROR] WebSocket connection to 'ws://localhost:4000/phoenix/live_reload/socket/websocket?vsn=2.0.0' failed: Error in connection establishment: net::ERR_CONNECTION_REFUSED @ http://localhost:4000/phoenix/live_reload/frame:1340
[  262968ms] [ERROR] Failed to load resource: net::ERR_CONNECTION_REFUSED @ http://localhost:4000/live/longpoll?_csrf_token=NCgUEnNYJiQgVQ9jI2IeMB01D2xMTlUGbOyuJ9yhq-N0uWZEGbUT-cam&_track_static%5B0%5D=http%3A%2F%2Flocalhost%3A4000%2Fassets%2Fcss%2Fapp.css&_track_static%5B1%5D=http%3A%2F%2Flocalhost%3A4000%2Fassets%2Fjs%2Fapp.js&_mounts=0&_mount_attempts=0&_live_referer=undefined&vsn=2.0.0&:0
[  263969ms] [ERROR] Failed to load resource: net::ERR_CONNECTION_REFUSED @ http://localhost:4000/live/longpoll?_csrf_token=NCgUEnNYJiQgVQ9jI2IeMB01D2xMTlUGbOyuJ9yhq-N0uWZEGbUT-cam&_track_static%5B0%5D=http%3A%2F%2Flocalhost%3A4000%2Fassets%2Fcss%2Fapp.css&_track_static%5B1%5D=http%3A%2F%2Flocalhost%3A4000%2Fassets%2Fjs%2Fapp.js&_mounts=0&_mount_attempts=0&_live_referer=undefined&vsn=2.0.0&:0
[  263990ms] [ERROR] WebSocket connection to 'ws://localhost:4000/phoenix/live_reload/socket/websocket?vsn=2.0.0' failed: Error in connection establishment: net::ERR_CONNECTION_REFUSED @ http://localhost:4000/phoenix/live_reload/frame:1340
[  265971ms] [ERROR] Failed to load resource: net::ERR_CONNECTION_REFUSED @ http://localhost:4000/live/longpoll?_csrf_token=NCgUEnNYJiQgVQ9jI2IeMB01D2xMTlUGbOyuJ9yhq-N0uWZEGbUT-cam&_track_static%5B0%5D=http%3A%2F%2Flocalhost%3A4000%2Fassets%2Fcss%2Fapp.css&_track_static%5B1%5D=http%3A%2F%2Flocalhost%3A4000%2Fassets%2Fjs%2Fapp.js&_mounts=0&_mount_attempts=0&_live_referer=undefined&vsn=2.0.0&:0
[  266060ms] [ERROR] WebSocket connection to 'ws://localhost:4000/phoenix/live_reload/socket/websocket?vsn=2.0.0' failed: Error in connection establishment: net::ERR_CONNECTION_REFUSED @ http://localhost:4000/phoenix/live_reload/frame:1340
[  270973ms] [ERROR] Failed to load resource: net::ERR_CONNECTION_REFUSED @ http://localhost:4000/live/longpoll?_csrf_token=NCgUEnNYJiQgVQ9jI2IeMB01D2xMTlUGbOyuJ9yhq-N0uWZEGbUT-cam&_track_static%5B0%5D=http%3A%2F%2Flocalhost%3A4000%2Fassets%2Fcss%2Fapp.css&_track_static%5B1%5D=http%3A%2F%2Flocalhost%3A4000%2Fassets%2Fjs%2Fapp.js&_mounts=0&_mount_attempts=0&_live_referer=undefined&vsn=2.0.0&:0
[  271199ms] [ERROR] WebSocket connection to 'ws://localhost:4000/phoenix/live_reload/socket/websocket?vsn=2.0.0' failed: Error in connection establishment: net::ERR_CONNECTION_REFUSED @ http://localhost:4000/phoenix/live_reload/frame:1340
[  277708ms] [LOG] phx-GKVItJjRB0M-agBE mount:  -  {0: , 1: , 2: Object, 3: Object, 4: , 5: , 6: , 7: , 8: , 9: , 10: , 11: , p: Object, s: 8, r: 1} @ http://localhost:4000/assets/js/app.js:1863
[  285558ms] [LOG] phx-GKVItJjRB0M-agBE update:  -  {2: Object, 3: , 4: Object, 5: , 6: , 7: , 8: , 9: , 10: , 11: , p: Object} @ http://localhost:4000/assets/js/app.js:1863
[  286411ms] [LOG] phx-GKVItJjRB0M-agBE update:  -  {2: Object, 3: , 4: , 5: Object, 6: , 7: , 8: , 9: , 10: , 11: , p: Object} @ http://localhost:4000/assets/js/app.js:1863
[  286997ms] [LOG] phx-GKVItJjRB0M-agBE update:  -  {2: Object, 3: Object, 4: , 5: , 6: , 7: , 8: , 9: , 10: , 11: , p: Object} @ http://localhost:4000/assets/js/app.js:1863
[  292173ms] [INFO] %c📡 [info] GET /.well-known/appspecific/com.chrome.devtools.json
 color: inherit; @ http://localhost:4000/phoenix/live_reload/frame:1828
[  299740ms] [INFO] %c📡 [info] GET /
 color: inherit; @ http://localhost:4000/phoenix/live_reload/frame:1828
[  299754ms] [INFO] %c📡 [info] Sent 200 in 16ms
 color: inherit; @ http://localhost:4000/phoenix/live_reload/frame:1828
[  299755ms] [LOG] phx-GKVItJjRB0M-agBE error: view crashed -  undefined @ http://localhost:4000/assets/js/app.js:1863
[  300902ms] [LOG] phx-GKVI-lrwkewXnQOE mount:  -  {0: , 1: , 2: Object, 3: Object, 4: , 5: , 6: , 7: , 8: , 9: , 10: , 11: , p: Object, s: 8, r: 1} @ http://localhost:4000/assets/js/app.js:1863
[  302525ms] [LOG] phx-GKVI-lrwkewXnQOE update:  -  {2: Object, 3: , 4: Object, 5: , 6: , 7: , 8: , 9: , 10: , 11: , p: Object} @ http://localhost:4000/assets/js/app.js:1863
[  303120ms] [LOG] phx-GKVI-lrwkewXnQOE update:  -  {2: Object, 3: Object, 4: , 5: , 6: , 7: , 8: , 9: , 10: , 11: , p: Object} @ http://localhost:4000/assets/js/app.js:1863
[  314752ms] [INFO] %c📡 [info] GET /
 color: inherit; @ http://localhost:4000/phoenix/live_reload/frame:1828
[  314753ms] [INFO] %c📡 [info] Sent 200 in 4ms
 color: inherit; @ http://localhost:4000/phoenix/live_reload/frame:1828
[  315909ms] [LOG] phx-GKVI_dlMiYkXnQEG mount:  -  {0: , 1: , 2: Object, 3: Object, 4: , 5: , 6: , 7: , 8: , 9: , 10: , 11: , p: Object, s: 8, r: 1} @ http://localhost:4000/assets/js/app.js:1863
[  338028ms] [LOG] phx-GKVI_dlMiYkXnQEG update:  -  {2: Object, 3: , 4: Object, 5: , 6: , 7: , 8: , 9: , 10: , 11: , p: Object} @ http://localhost:4000/assets/js/app.js:1863
[  338781ms] [LOG] phx-GKVI_dlMiYkXnQEG update:  -  {2: Object, 3: Object, 4: , 5: , 6: , 7: , 8: , 9: , 10: , 11: , p: Object} @ http://localhost:4000/assets/js/app.js:1863
[  489350ms] [LOG] phx-GKVI_dlMiYkXnQEG update:  -  {0: Object, p: Object} @ http://localhost:4000/assets/js/app.js:1863
[  491307ms] [LOG] phx-GKVI_dlMiYkXnQEG update:  -  {0: , 3: Object, 11: , p: Object} @ http://localhost:4000/assets/js/app.js:1863
[  491317ms] [LOG] phx-GKVI_dlMiYkXnQEG update:  -  {0: Object, 3: Object, 11: , p: Object} @ http://localhost:4000/assets/js/app.js:1863
[  492658ms] [LOG] phx-GKVI_dlMiYkXnQEG update:  -  {0: , 3: Object, 11: , p: Object} @ http://localhost:4000/assets/js/app.js:1863
[  492771ms] [LOG] phx-GKVI_dlMiYkXnQEG update:  -  {0: Object, 3: Object, 11: , p: Object} @ http://localhost:4000/assets/js/app.js:1863
[  493976ms] [LOG] phx-GKVI_dlMiYkXnQEG update:  -  {0: , 3: Object, 11: , p: Object} @ http://localhost:4000/assets/js/app.js:1863
[  507763ms] [LOG] phx-GKVI_dlMiYkXnQEG update:  -  {2: Object, 3: , 4: Object, 5: , 6: , 7: , 8: , 9: , 10: , 11: , p: Object} @ http://localhost:4000/assets/js/app.js:1863
[  508955ms] [LOG] phx-GKVI_dlMiYkXnQEG update:  -  {2: Object, 3: , 4: , 5: Object, 6: , 7: , 8: , 9: , 10: , 11: , p: Object} @ http://localhost:4000/assets/js/app.js:1863
[  513171ms] [LOG] phx-GKVI_dlMiYkXnQEG update:  -  {2: Object, 3: , 4: , 5: , 6: Object, 7: , 8: , 9: , 10: , 11: , p: Object} @ http://localhost:4000/assets/js/app.js:1863
[  515037ms] [LOG] phx-GKVI_dlMiYkXnQEG update:  -  {2: Object, 3: , 4: , 5: , 6: , 7: Object, 8: , 9: , 10: , 11: , p: Object} @ http://localhost:4000/assets/js/app.js:1863
[  516704ms] [LOG] phx-GKVI_dlMiYkXnQEG update:  -  {2: Object, 3: , 4: , 5: , 6: , 7: , 8: Object, 9: , 10: , 11: , p: Object} @ http://localhost:4000/assets/js/app.js:1863
[  517313ms] [LOG] phx-GKVI_dlMiYkXnQEG update:  -  {2: Object, 3: , 4: , 5: , 6: , 7: , 8: , 9: Object, 10: , 11: , p: Object} @ http://localhost:4000/assets/js/app.js:1863
[  518037ms] [LOG] phx-GKVI_dlMiYkXnQEG update:  -  {2: Object, 3: , 4: , 5: , 6: , 7: , 8: , 9: , 10: Object, 11: , p: Object} @ http://localhost:4000/assets/js/app.js:1863
[  521896ms] [LOG] phx-GKVI_dlMiYkXnQEG update:  -  {0: Object, p: Object} @ http://localhost:4000/assets/js/app.js:1863
[  523524ms] [LOG] phx-GKVI_dlMiYkXnQEG update:  -  {0: , 3: , 11: Object, p: Object} @ http://localhost:4000/assets/js/app.js:1863
[  549849ms] [INFO] %c📡 [info] GET /
 color: inherit; @ http://localhost:4000/phoenix/live_reload/frame:1828
[  549851ms] [INFO] %c📡 [info] Sent 200 in 4ms
 color: inherit; @ http://localhost:4000/phoenix/live_reload/frame:1828
[  549875ms] [INFO] %c📡 [info] GET /
 color: inherit; @ http://localhost:4000/phoenix/live_reload/frame:1828
[  549876ms] [INFO] %c📡 [info] Sent 200 in 3ms
 color: inherit; @ http://localhost:4000/phoenix/live_reload/frame:1828
[  551016ms] [LOG] phx-GKVJNJe_H5zbawKG mount:  -  {0: , 1: , 2: Object, 3: Object, 4: , 5: , 6: , 7: , 8: , 9: , 10: , 11: , p: Object, s: 8, r: 1} @ http://localhost:4000/assets/js/app.js:1863
[  662299ms] [INFO] %c📡 [info] GET /
 color: inherit; @ http://localhost:4000/phoenix/live_reload/frame:1828
[  662301ms] [INFO] %c📡 [info] Sent 200 in 4ms
 color: inherit; @ http://localhost:4000/phoenix/live_reload/frame:1828
[  662328ms] [INFO] %c📡 [info] GET /
 color: inherit; @ http://localhost:4000/phoenix/live_reload/frame:1828
[  662329ms] [INFO] %c📡 [info] Sent 200 in 2ms
 color: inherit; @ http://localhost:4000/phoenix/live_reload/frame:1828
[  664045ms] [LOG] phx-GKVJTsZuziNGDQRG mount:  -  {0: , 1: , 2: Object, 3: Object, 4: , 5: , 6: , 7: , 8: , 9: , 10: , 11: , p: Object, s: 8, r: 1} @ http://localhost:4000/assets/js/app.js:1863
[  680272ms] [INFO] %c📡 [info] GET /
 color: inherit; @ http://localhost:4000/phoenix/live_reload/frame:1828
[  680274ms] [INFO] %c📡 [info] Sent 200 in 3ms
 color: inherit; @ http://localhost:4000/phoenix/live_reload/frame:1828
[  680295ms] [INFO] %c📡 [info] GET /
 color: inherit; @ http://localhost:4000/phoenix/live_reload/frame:1828
[  680295ms] [INFO] %c📡 [info] Sent 200 in 2ms
 color: inherit; @ http://localhost:4000/phoenix/live_reload/frame:1828
[  680612ms] [INFO] %c📡 [info] GET /
 color: inherit; @ http://localhost:4000/phoenix/live_reload/frame:1828
[  680614ms] [INFO] %c📡 [info] Sent 200 in 3ms
 color: inherit; @ http://localhost:4000/phoenix/live_reload/frame:1828
[  682219ms] [LOG] phx-GKVJUwhH5teISAZG mount:  -  {0: , 1: , 2: Object, 3: Object, 4: , 5: , 6: , 7: , 8: , 9: , 10: , 11: , p: Object, s: 8, r: 1} @ http://localhost:4000/assets/js/app.js:1863
[  686527ms] [INFO] %c📡 [info] GET /
 color: inherit; @ http://localhost:4000/phoenix/live_reload/frame:1828
[  686528ms] [INFO] %c📡 [info] Sent 200 in 3ms
 color: inherit; @ http://localhost:4000/phoenix/live_reload/frame:1828
[  686551ms] [INFO] %c📡 [info] GET /
 color: inherit; @ http://localhost:4000/phoenix/live_reload/frame:1828
[  686552ms] [INFO] %c📡 [info] Sent 200 in 2ms
 color: inherit; @ http://localhost:4000/phoenix/live_reload/frame:1828
[  686877ms] [INFO] %c📡 [info] GET /
 color: inherit; @ http://localhost:4000/phoenix/live_reload/frame:1828
[  686879ms] [INFO] %c📡 [info] Sent 200 in 3ms
 color: inherit; @ http://localhost:4000/phoenix/live_reload/frame:1828
[  688244ms] [LOG] phx-GKVJVH25NXB44Q0D mount:  -  {0: , 1: , 2: Object, 3: Object, 4: , 5: , 6: , 7: , 8: , 9: , 10: , 11: , p: Object, s: 8, r: 1} @ http://localhost:4000/assets/js/app.js:1863
[  692837ms] [INFO] %c📡 [info] GET /
 color: inherit; @ http://localhost:4000/phoenix/live_reload/frame:1828
[  692837ms] [INFO] %c📡 [info] Sent 200 in 3ms
 color: inherit; @ http://localhost:4000/phoenix/live_reload/frame:1828
[  693328ms] [INFO] %c📡 [info] GET /
 color: inherit; @ http://localhost:4000/phoenix/live_reload/frame:1828
[  693328ms] [INFO] %c📡 [info] Sent 200 in 2ms
 color: inherit; @ http://localhost:4000/phoenix/live_reload/frame:1828
[  694525ms] [LOG] phx-GKVJVf4ffLx44QlC mount:  -  {0: , 1: , 2: Object, 3: Object, 4: , 5: , 6: , 7: , 8: , 9: , 10: , 11: , p: Object, s: 8, r: 1} @ http://localhost:4000/assets/js/app.js:1863
[  794763ms] [ERROR] WebSocket connection to 'ws://localhost:4000/phoenix/live_reload/socket/websocket?vsn=2.0.0' failed:  @ http://localhost:4000/phoenix/live_reload/frame:1340
[  794764ms] [ERROR] WebSocket connection to 'ws://localhost:4000/live/websocket?_csrf_token=GBFZD00DKDocN3gEb1sFMGolaUoJaFsBNv4htbwvMO9W9nAE0r3rhEoj&_track_static%5B0%5D=http%3A%2F%2Flocalhost%3A4000%2Fassets%2Fcss%2Fapp.css&_track_static%5B1%5D=http%3A%2F%2Flocalhost%3A4000%2Fassets%2Fjs%2Fapp.js&_mounts=0&_mount_attempts=0&_live_referer=undefined&vsn=2.0.0' failed:  @ http://localhost:4000/assets/js/app.js:1343
[  794904ms] [ERROR] WebSocket connection to 'ws://localhost:4000/phoenix/live_reload/socket/websocket?vsn=2.0.0' failed: Error in connection establishment: net::ERR_CONNECTION_REFUSED @ http://localhost:4000/phoenix/live_reload/frame:1340
[  794916ms] [ERROR] WebSocket connection to 'ws://localhost:4000/live/websocket?_csrf_token=GBFZD00DKDocN3gEb1sFMGolaUoJaFsBNv4htbwvMO9W9nAE0r3rhEoj&_track_static%5B0%5D=http%3A%2F%2Flocalhost%3A4000%2Fassets%2Fcss%2Fapp.css&_track_static%5B1%5D=http%3A%2F%2Flocalhost%3A4000%2Fassets%2Fjs%2Fapp.js&_mounts=0&_mount_attempts=0&_live_referer=undefined&vsn=2.0.0' failed: Error in connection establishment: net::ERR_CONNECTION_REFUSED @ http://localhost:4000/assets/js/app.js:1343
[  794919ms] [ERROR] Failed to load resource: net::ERR_CONNECTION_REFUSED @ http://localhost:4000/live/longpoll?_csrf_token=GBFZD00DKDocN3gEb1sFMGolaUoJaFsBNv4htbwvMO9W9nAE0r3rhEoj&_track_static%5B0%5D=http%3A%2F%2Flocalhost%3A4000%2Fassets%2Fcss%2Fapp.css&_track_static%5B1%5D=http%3A%2F%2Flocalhost%3A4000%2Fassets%2Fjs%2Fapp.js&_mounts=0&_mount_attempts=0&_live_referer=undefined&vsn=2.0.0&:0
[  794941ms] [ERROR] Failed to load resource: net::ERR_CONNECTION_REFUSED @ http://localhost:4000/live/longpoll?_csrf_token=GBFZD00DKDocN3gEb1sFMGolaUoJaFsBNv4htbwvMO9W9nAE0r3rhEoj&_track_static%5B0%5D=http%3A%2F%2Flocalhost%3A4000%2Fassets%2Fcss%2Fapp.css&_track_static%5B1%5D=http%3A%2F%2Flocalhost%3A4000%2Fassets%2Fjs%2Fapp.js&_mounts=0&_mount_attempts=0&_live_referer=undefined&vsn=2.0.0&:0
[  794955ms] [ERROR] WebSocket connection to 'ws://localhost:4000/phoenix/live_reload/socket/websocket?vsn=2.0.0' failed: Error in connection establishment: net::ERR_CONNECTION_REFUSED @ http://localhost:4000/phoenix/live_reload/frame:1340
[  794994ms] [ERROR] Failed to load resource: net::ERR_CONNECTION_REFUSED @ http://localhost:4000/live/longpoll?_csrf_token=GBFZD00DKDocN3gEb1sFMGolaUoJaFsBNv4htbwvMO9W9nAE0r3rhEoj&_track_static%5B0%5D=http%3A%2F%2Flocalhost%3A4000%2Fassets%2Fcss%2Fapp.css&_track_static%5B1%5D=http%3A%2F%2Flocalhost%3A4000%2Fassets%2Fjs%2Fapp.js&_mounts=0&_mount_attempts=0&_live_referer=undefined&vsn=2.0.0&:0
[  795058ms] [ERROR] WebSocket connection to 'ws://localhost:4000/phoenix/live_reload/socket/websocket?vsn=2.0.0' failed: Error in connection establishment: net::ERR_CONNECTION_REFUSED @ http://localhost:4000/phoenix/live_reload/frame:1340
[  795096ms] [ERROR] Failed to load resource: net::ERR_CONNECTION_REFUSED @ http://localhost:4000/live/longpoll?_csrf_token=GBFZD00DKDocN3gEb1sFMGolaUoJaFsBNv4htbwvMO9W9nAE0r3rhEoj&_track_static%5B0%5D=http%3A%2F%2Flocalhost%3A4000%2Fassets%2Fcss%2Fapp.css&_track_static%5B1%5D=http%3A%2F%2Flocalhost%3A4000%2Fassets%2Fjs%2Fapp.js&_mounts=0&_mount_attempts=0&_live_referer=undefined&vsn=2.0.0&:0
[  795212ms] [ERROR] WebSocket connection to 'ws://localhost:4000/phoenix/live_reload/socket/websocket?vsn=2.0.0' failed: Error in connection establishment: net::ERR_CONNECTION_REFUSED @ http://localhost:4000/phoenix/live_reload/frame:1340
[  795248ms] [ERROR] Failed to load resource: net::ERR_CONNECTION_REFUSED @ http://localhost:4000/live/longpoll?_csrf_token=GBFZD00DKDocN3gEb1sFMGolaUoJaFsBNv4htbwvMO9W9nAE0r3rhEoj&_track_static%5B0%5D=http%3A%2F%2Flocalhost%3A4000%2Fassets%2Fcss%2Fapp.css&_track_static%5B1%5D=http%3A%2F%2Flocalhost%3A4000%2Fassets%2Fjs%2Fapp.js&_mounts=0&_mount_attempts=0&_live_referer=undefined&vsn=2.0.0&:0
[  795416ms] [ERROR] WebSocket connection to 'ws://localhost:4000/phoenix/live_reload/socket/websocket?vsn=2.0.0' failed: Error in connection establishment: net::ERR_CONNECTION_REFUSED @ http://localhost:4000/phoenix/live_reload/frame:1340
[  795449ms] [ERROR] Failed to load resource: net::ERR_CONNECTION_REFUSED @ http://localhost:4000/live/longpoll?_csrf_token=GBFZD00DKDocN3gEb1sFMGolaUoJaFsBNv4htbwvMO9W9nAE0r3rhEoj&_track_static%5B0%5D=http%3A%2F%2Flocalhost%3A4000%2Fassets%2Fcss%2Fapp.css&_track_static%5B1%5D=http%3A%2F%2Flocalhost%3A4000%2Fassets%2Fjs%2Fapp.js&_mounts=0&_mount_attempts=0&_live_referer=undefined&vsn=2.0.0&:0
[  795676ms] [ERROR] WebSocket connection to 'ws://localhost:4000/phoenix/live_reload/socket/websocket?vsn=2.0.0' failed: Error in connection establishment: net::ERR_CONNECTION_REFUSED @ http://localhost:4000/phoenix/live_reload/frame:1340
[  795701ms] [ERROR] Failed to load resource: net::ERR_CONNECTION_REFUSED @ http://localhost:4000/live/longpoll?_csrf_token=GBFZD00DKDocN3gEb1sFMGolaUoJaFsBNv4htbwvMO9W9nAE0r3rhEoj&_track_static%5B0%5D=http%3A%2F%2Flocalhost%3A4000%2Fassets%2Fcss%2Fapp.css&_track_static%5B1%5D=http%3A%2F%2Flocalhost%3A4000%2Fassets%2Fjs%2Fapp.js&_mounts=0&_mount_attempts=0&_live_referer=undefined&vsn=2.0.0&:0
[  796194ms] [ERROR] WebSocket connection to 'ws://localhost:4000/phoenix/live_reload/socket/websocket?vsn=2.0.0' failed: Error in connection establishment: net::ERR_CONNECTION_REFUSED @ http://localhost:4000/phoenix/live_reload/frame:1340
[  796203ms] [ERROR] Failed to load resource: net::ERR_CONNECTION_REFUSED @ http://localhost:4000/live/longpoll?_csrf_token=GBFZD00DKDocN3gEb1sFMGolaUoJaFsBNv4htbwvMO9W9nAE0r3rhEoj&_track_static%5B0%5D=http%3A%2F%2Flocalhost%3A4000%2Fassets%2Fcss%2Fapp.css&_track_static%5B1%5D=http%3A%2F%2Flocalhost%3A4000%2Fassets%2Fjs%2Fapp.js&_mounts=0&_mount_attempts=0&_live_referer=undefined&vsn=2.0.0&:0
[  797205ms] [ERROR] Failed to load resource: net::ERR_CONNECTION_REFUSED @ http://localhost:4000/live/longpoll?_csrf_token=GBFZD00DKDocN3gEb1sFMGolaUoJaFsBNv4htbwvMO9W9nAE0r3rhEoj&_track_static%5B0%5D=http%3A%2F%2Flocalhost%3A4000%2Fassets%2Fcss%2Fapp.css&_track_static%5B1%5D=http%3A%2F%2Flocalhost%3A4000%2Fassets%2Fjs%2Fapp.js&_mounts=0&_mount_attempts=0&_live_referer=undefined&vsn=2.0.0&:0
[  797217ms] [ERROR] WebSocket connection to 'ws://localhost:4000/phoenix/live_reload/socket/websocket?vsn=2.0.0' failed: Error in connection establishment: net::ERR_CONNECTION_REFUSED @ http://localhost:4000/phoenix/live_reload/frame:1340
[  799206ms] [ERROR] Failed to load resource: net::ERR_CONNECTION_REFUSED @ http://localhost:4000/live/longpoll?_csrf_token=GBFZD00DKDocN3gEb1sFMGolaUoJaFsBNv4htbwvMO9W9nAE0r3rhEoj&_track_static%5B0%5D=http%3A%2F%2Flocalhost%3A4000%2Fassets%2Fcss%2Fapp.css&_track_static%5B1%5D=http%3A%2F%2Flocalhost%3A4000%2Fassets%2Fjs%2Fapp.js&_mounts=0&_mount_attempts=0&_live_referer=undefined&vsn=2.0.0&:0
[  799246ms] [ERROR] WebSocket connection to 'ws://localhost:4000/phoenix/live_reload/socket/websocket?vsn=2.0.0' failed: Error in connection establishment: net::ERR_CONNECTION_REFUSED @ http://localhost:4000/phoenix/live_reload/frame:1340
[  804208ms] [ERROR] Failed to load resource: net::ERR_CONNECTION_REFUSED @ http://localhost:4000/live/longpoll?_csrf_token=GBFZD00DKDocN3gEb1sFMGolaUoJaFsBNv4htbwvMO9W9nAE0r3rhEoj&_track_static%5B0%5D=http%3A%2F%2Flocalhost%3A4000%2Fassets%2Fcss%2Fapp.css&_track_static%5B1%5D=http%3A%2F%2Flocalhost%3A4000%2Fassets%2Fjs%2Fapp.js&_mounts=0&_mount_attempts=0&_live_referer=undefined&vsn=2.0.0&:0
[  804396ms] [ERROR] WebSocket connection to 'ws://localhost:4000/phoenix/live_reload/socket/websocket?vsn=2.0.0' failed: Error in connection establishment: net::ERR_CONNECTION_REFUSED @ http://localhost:4000/phoenix/live_reload/frame:1340
[  809211ms] [ERROR] Failed to load resource: net::ERR_CONNECTION_REFUSED @ http://localhost:4000/live/longpoll?_csrf_token=GBFZD00DKDocN3gEb1sFMGolaUoJaFsBNv4htbwvMO9W9nAE0r3rhEoj&_track_static%5B0%5D=http%3A%2F%2Flocalhost%3A4000%2Fassets%2Fcss%2Fapp.css&_track_static%5B1%5D=http%3A%2F%2Flocalhost%3A4000%2Fassets%2Fjs%2Fapp.js&_mounts=0&_mount_attempts=0&_live_referer=undefined&vsn=2.0.0&:0
[  809582ms] [ERROR] WebSocket connection to 'ws://localhost:4000/phoenix/live_reload/socket/websocket?vsn=2.0.0' failed: Error in connection establishment: net::ERR_CONNECTION_REFUSED @ http://localhost:4000/phoenix/live_reload/frame:1340
[  814213ms] [ERROR] Failed to load resource: net::ERR_CONNECTION_REFUSED @ http://localhost:4000/live/longpoll?_csrf_token=GBFZD00DKDocN3gEb1sFMGolaUoJaFsBNv4htbwvMO9W9nAE0r3rhEoj&_track_static%5B0%5D=http%3A%2F%2Flocalhost%3A4000%2Fassets%2Fcss%2Fapp.css&_track_static%5B1%5D=http%3A%2F%2Flocalhost%3A4000%2Fassets%2Fjs%2Fapp.js&_mounts=0&_mount_attempts=0&_live_referer=undefined&vsn=2.0.0&:0
[  815092ms] [ERROR] WebSocket connection to 'ws://localhost:4000/phoenix/live_reload/socket/websocket?vsn=2.0.0' failed: Error in connection establishment: net::ERR_CONNECTION_REFUSED @ http://localhost:4000/phoenix/live_reload/frame:1340
[  819215ms] [ERROR] Failed to load resource: net::ERR_CONNECTION_REFUSED @ http://localhost:4000/live/longpoll?_csrf_token=GBFZD00DKDocN3gEb1sFMGolaUoJaFsBNv4htbwvMO9W9nAE0r3rhEoj&_track_static%5B0%5D=http%3A%2F%2Flocalhost%3A4000%2Fassets%2Fcss%2Fapp.css&_track_static%5B1%5D=http%3A%2F%2Flocalhost%3A4000%2Fassets%2Fjs%2Fapp.js&_mounts=0&_mount_attempts=0&_live_referer=undefined&vsn=2.0.0&:0
[  820574ms] [ERROR] WebSocket connection to 'ws://localhost:4000/phoenix/live_reload/socket/websocket?vsn=2.0.0' failed: Error in connection establishment: net::ERR_CONNECTION_REFUSED @ http://localhost:4000/phoenix/live_reload/frame:1340
[  824217ms] [ERROR] Failed to load resource: net::ERR_CONNECTION_REFUSED @ http://localhost:4000/live/longpoll?_csrf_token=GBFZD00DKDocN3gEb1sFMGolaUoJaFsBNv4htbwvMO9W9nAE0r3rhEoj&_track_static%5B0%5D=http%3A%2F%2Flocalhost%3A4000%2Fassets%2Fcss%2Fapp.css&_track_static%5B1%5D=http%3A%2F%2Flocalhost%3A4000%2Fassets%2Fjs%2Fapp.js&_mounts=0&_mount_attempts=0&_live_referer=undefined&vsn=2.0.0&:0
[  826216ms] [ERROR] WebSocket connection to 'ws://localhost:4000/phoenix/live_reload/socket/websocket?vsn=2.0.0' failed: Error in connection establishment: net::ERR_CONNECTION_REFUSED @ http://localhost:4000/phoenix/live_reload/frame:1340
[  829220ms] [ERROR] Failed to load resource: net::ERR_CONNECTION_REFUSED @ http://localhost:4000/live/longpoll?_csrf_token=GBFZD00DKDocN3gEb1sFMGolaUoJaFsBNv4htbwvMO9W9nAE0r3rhEoj&_track_static%5B0%5D=http%3A%2F%2Flocalhost%3A4000%2Fassets%2Fcss%2Fapp.css&_track_static%5B1%5D=http%3A%2F%2Flocalhost%3A4000%2Fassets%2Fjs%2Fapp.js&_mounts=0&_mount_attempts=0&_live_referer=undefined&vsn=2.0.0&:0
[  834223ms] [ERROR] Failed to load resource: net::ERR_CONNECTION_REFUSED @ http://localhost:4000/live/longpoll?_csrf_token=GBFZD00DKDocN3gEb1sFMGolaUoJaFsBNv4htbwvMO9W9nAE0r3rhEoj&_track_static%5B0%5D=http%3A%2F%2Flocalhost%3A4000%2Fassets%2Fcss%2Fapp.css&_track_static%5B1%5D=http%3A%2F%2Flocalhost%3A4000%2Fassets%2Fjs%2Fapp.js&_mounts=0&_mount_attempts=0&_live_referer=undefined&vsn=2.0.0&:0
[  835488ms] [ERROR] WebSocket connection to 'ws://localhost:4000/phoenix/live_reload/socket/websocket?vsn=2.0.0' failed: Error in connection establishment: net::ERR_CONNECTION_REFUSED @ http://localhost:4000/phoenix/live_reload/frame:1340
[  839225ms] [ERROR] Failed to load resource: net::ERR_CONNECTION_REFUSED @ http://localhost:4000/live/longpoll?_csrf_token=GBFZD00DKDocN3gEb1sFMGolaUoJaFsBNv4htbwvMO9W9nAE0r3rhEoj&_track_static%5B0%5D=http%3A%2F%2Flocalhost%3A4000%2Fassets%2Fcss%2Fapp.css&_track_static%5B1%5D=http%3A%2F%2Flocalhost%3A4000%2Fassets%2Fjs%2Fapp.js&_mounts=0&_mount_attempts=0&_live_referer=undefined&vsn=2.0.0&:0
[  843669ms] [ERROR] WebSocket connection to 'ws://localhost:4000/phoenix/live_reload/socket/websocket?vsn=2.0.0' failed: Error in connection establishment: net::ERR_CONNECTION_REFUSED @ http://localhost:4000/phoenix/live_reload/frame:1340
[  844228ms] [ERROR] Failed to load resource: net::ERR_CONNECTION_REFUSED @ http://localhost:4000/live/longpoll?_csrf_token=GBFZD00DKDocN3gEb1sFMGolaUoJaFsBNv4htbwvMO9W9nAE0r3rhEoj&_track_static%5B0%5D=http%3A%2F%2Flocalhost%3A4000%2Fassets%2Fcss%2Fapp.css&_track_static%5B1%5D=http%3A%2F%2Flocalhost%3A4000%2Fassets%2Fjs%2Fapp.js&_mounts=0&_mount_attempts=0&_live_referer=undefined&vsn=2.0.0&:0
[  849231ms] [ERROR] Failed to load resource: net::ERR_CONNECTION_REFUSED @ http://localhost:4000/live/longpoll?_csrf_token=GBFZD00DKDocN3gEb1sFMGolaUoJaFsBNv4htbwvMO9W9nAE0r3rhEoj&_track_static%5B0%5D=http%3A%2F%2Flocalhost%3A4000%2Fassets%2Fcss%2Fapp.css&_track_static%5B1%5D=http%3A%2F%2Flocalhost%3A4000%2Fassets%2Fjs%2Fapp.js&_mounts=0&_mount_attempts=0&_live_referer=undefined&vsn=2.0.0&:0
[  851564ms] [ERROR] WebSocket connection to 'ws://localhost:4000/phoenix/live_reload/socket/websocket?vsn=2.0.0' failed: Error in connection establishment: net::ERR_CONNECTION_REFUSED @ http://localhost:4000/phoenix/live_reload/frame:1340
[  854234ms] [ERROR] Failed to load resource: net::ERR_CONNECTION_REFUSED @ http://localhost:4000/live/longpoll?_csrf_token=GBFZD00DKDocN3gEb1sFMGolaUoJaFsBNv4htbwvMO9W9nAE0r3rhEoj&_track_static%5B0%5D=http%3A%2F%2Flocalhost%3A4000%2Fassets%2Fcss%2Fapp.css&_track_static%5B1%5D=http%3A%2F%2Flocalhost%3A4000%2Fassets%2Fjs%2Fapp.js&_mounts=0&_mount_attempts=0&_live_referer=undefined&vsn=2.0.0&:0
[  859235ms] [ERROR] Failed to load resource: net::ERR_CONNECTION_REFUSED @ http://localhost:4000/live/longpoll?_csrf_token=GBFZD00DKDocN3gEb1sFMGolaUoJaFsBNv4htbwvMO9W9nAE0r3rhEoj&_track_static%5B0%5D=http%3A%2F%2Flocalhost%3A4000%2Fassets%2Fcss%2Fapp.css&_track_static%5B1%5D=http%3A%2F%2Flocalhost%3A4000%2Fassets%2Fjs%2Fapp.js&_mounts=0&_mount_attempts=0&_live_referer=undefined&vsn=2.0.0&:0
[  860636ms] [ERROR] WebSocket connection to 'ws://localhost:4000/phoenix/live_reload/socket/websocket?vsn=2.0.0' failed: Error in connection establishment: net::ERR_CONNECTION_REFUSED @ http://localhost:4000/phoenix/live_reload/frame:1340
[  864239ms] [ERROR] Failed to load resource: net::ERR_CONNECTION_REFUSED @ http://localhost:4000/live/longpoll?_csrf_token=GBFZD00DKDocN3gEb1sFMGolaUoJaFsBNv4htbwvMO9W9nAE0r3rhEoj&_track_static%5B0%5D=http%3A%2F%2Flocalhost%3A4000%2Fassets%2Fcss%2Fapp.css&_track_static%5B1%5D=http%3A%2F%2Flocalhost%3A4000%2Fassets%2Fjs%2Fapp.js&_mounts=0&_mount_attempts=0&_live_referer=undefined&vsn=2.0.0&:0
[  867329ms] [ERROR] WebSocket connection to 'ws://localhost:4000/phoenix/live_reload/socket/websocket?vsn=2.0.0' failed: Error in connection establishment: net::ERR_CONNECTION_REFUSED @ http://localhost:4000/phoenix/live_reload/frame:1340
[  869242ms] [ERROR] Failed to load resource: net::ERR_CONNECTION_REFUSED @ http://localhost:4000/live/longpoll?_csrf_token=GBFZD00DKDocN3gEb1sFMGolaUoJaFsBNv4htbwvMO9W9nAE0r3rhEoj&_track_static%5B0%5D=http%3A%2F%2Flocalhost%3A4000%2Fassets%2Fcss%2Fapp.css&_track_static%5B1%5D=http%3A%2F%2Flocalhost%3A4000%2Fassets%2Fjs%2Fapp.js&_mounts=0&_mount_attempts=0&_live_referer=undefined&vsn=2.0.0&:0
[  874134ms] [ERROR] WebSocket connection to 'ws://localhost:4000/phoenix/live_reload/socket/websocket?vsn=2.0.0' failed: Error in connection establishment: net::ERR_CONNECTION_REFUSED @ http://localhost:4000/phoenix/live_reload/frame:1340
[  874246ms] [ERROR] Failed to load resource: net::ERR_CONNECTION_REFUSED @ http://localhost:4000/live/longpoll?_csrf_token=GBFZD00DKDocN3gEb1sFMGolaUoJaFsBNv4htbwvMO9W9nAE0r3rhEoj&_track_static%5B0%5D=http%3A%2F%2Flocalhost%3A4000%2Fassets%2Fcss%2Fapp.css&_track_static%5B1%5D=http%3A%2F%2Flocalhost%3A4000%2Fassets%2Fjs%2Fapp.js&_mounts=0&_mount_attempts=0&_live_referer=undefined&vsn=2.0.0&:0
[  879248ms] [ERROR] Failed to load resource: net::ERR_CONNECTION_REFUSED @ http://localhost:4000/live/longpoll?_csrf_token=GBFZD00DKDocN3gEb1sFMGolaUoJaFsBNv4htbwvMO9W9nAE0r3rhEoj&_track_static%5B0%5D=http%3A%2F%2Flocalhost%3A4000%2Fassets%2Fcss%2Fapp.css&_track_static%5B1%5D=http%3A%2F%2Flocalhost%3A4000%2Fassets%2Fjs%2Fapp.js&_mounts=0&_mount_attempts=0&_live_referer=undefined&vsn=2.0.0&:0
[  882157ms] [ERROR] WebSocket connection to 'ws://localhost:4000/phoenix/live_reload/socket/websocket?vsn=2.0.0' failed: Error in connection establishment: net::ERR_CONNECTION_REFUSED @ http://localhost:4000/phoenix/live_reload/frame:1340
[  884250ms] [ERROR] Failed to load resource: net::ERR_CONNECTION_REFUSED @ http://localhost:4000/live/longpoll?_csrf_token=GBFZD00DKDocN3gEb1sFMGolaUoJaFsBNv4htbwvMO9W9nAE0r3rhEoj&_track_static%5B0%5D=http%3A%2F%2Flocalhost%3A4000%2Fassets%2Fcss%2Fapp.css&_track_static%5B1%5D=http%3A%2F%2Flocalhost%3A4000%2Fassets%2Fjs%2Fapp.js&_mounts=0&_mount_attempts=0&_live_referer=undefined&vsn=2.0.0&:0
[  889252ms] [ERROR] Failed to load resource: net::ERR_CONNECTION_REFUSED @ http://localhost:4000/live/longpoll?_csrf_token=GBFZD00DKDocN3gEb1sFMGolaUoJaFsBNv4htbwvMO9W9nAE0r3rhEoj&_track_static%5B0%5D=http%3A%2F%2Flocalhost%3A4000%2Fassets%2Fcss%2Fapp.css&_track_static%5B1%5D=http%3A%2F%2Flocalhost%3A4000%2Fassets%2Fjs%2Fapp.js&_mounts=0&_mount_attempts=0&_live_referer=undefined&vsn=2.0.0&:0
[  891428ms] [ERROR] WebSocket connection to 'ws://localhost:4000/phoenix/live_reload/socket/websocket?vsn=2.0.0' failed: Error in connection establishment: net::ERR_CONNECTION_REFUSED @ http://localhost:4000/phoenix/live_reload/frame:1340
[  894254ms] [ERROR] Failed to load resource: net::ERR_CONNECTION_REFUSED @ http://localhost:4000/live/longpoll?_csrf_token=GBFZD00DKDocN3gEb1sFMGolaUoJaFsBNv4htbwvMO9W9nAE0r3rhEoj&_track_static%5B0%5D=http%3A%2F%2Flocalhost%3A4000%2Fassets%2Fcss%2Fapp.css&_track_static%5B1%5D=http%3A%2F%2Flocalhost%3A4000%2Fassets%2Fjs%2Fapp.js&_mounts=0&_mount_attempts=0&_live_referer=undefined&vsn=2.0.0&:0
[  899257ms] [ERROR] Failed to load resource: net::ERR_CONNECTION_REFUSED @ http://localhost:4000/live/longpoll?_csrf_token=GBFZD00DKDocN3gEb1sFMGolaUoJaFsBNv4htbwvMO9W9nAE0r3rhEoj&_track_static%5B0%5D=http%3A%2F%2Flocalhost%3A4000%2Fassets%2Fcss%2Fapp.css&_track_static%5B1%5D=http%3A%2F%2Flocalhost%3A4000%2Fassets%2Fjs%2Fapp.js&_mounts=0&_mount_attempts=0&_live_referer=undefined&vsn=2.0.0&:0
[  901433ms] [ERROR] WebSocket connection to 'ws://localhost:4000/phoenix/live_reload/socket/websocket?vsn=2.0.0' failed: Error in connection establishment: net::ERR_CONNECTION_REFUSED @ http://localhost:4000/phoenix/live_reload/frame:1340
[  904258ms] [ERROR] Failed to load resource: net::ERR_CONNECTION_REFUSED @ http://localhost:4000/live/longpoll?_csrf_token=GBFZD00DKDocN3gEb1sFMGolaUoJaFsBNv4htbwvMO9W9nAE0r3rhEoj&_track_static%5B0%5D=http%3A%2F%2Flocalhost%3A4000%2Fassets%2Fcss%2Fapp.css&_track_static%5B1%5D=http%3A%2F%2Flocalhost%3A4000%2Fassets%2Fjs%2Fapp.js&_mounts=0&_mount_attempts=0&_live_referer=undefined&vsn=2.0.0&:0
[  909260ms] [ERROR] Failed to load resource: net::ERR_CONNECTION_REFUSED @ http://localhost:4000/live/longpoll?_csrf_token=GBFZD00DKDocN3gEb1sFMGolaUoJaFsBNv4htbwvMO9W9nAE0r3rhEoj&_track_static%5B0%5D=http%3A%2F%2Flocalhost%3A4000%2Fassets%2Fcss%2Fapp.css&_track_static%5B1%5D=http%3A%2F%2Flocalhost%3A4000%2Fassets%2Fjs%2Fapp.js&_mounts=0&_mount_attempts=0&_live_referer=undefined&vsn=2.0.0&:0
[  910165ms] [ERROR] WebSocket connection to 'ws://localhost:4000/phoenix/live_reload/socket/websocket?vsn=2.0.0' failed: Error in connection establishment: net::ERR_CONNECTION_REFUSED @ http://localhost:4000/phoenix/live_reload/frame:1340
[  914262ms] [ERROR] Failed to load resource: net::ERR_CONNECTION_REFUSED @ http://localhost:4000/live/longpoll?_csrf_token=GBFZD00DKDocN3gEb1sFMGolaUoJaFsBNv4htbwvMO9W9nAE0r3rhEoj&_track_static%5B0%5D=http%3A%2F%2Flocalhost%3A4000%2Fassets%2Fcss%2Fapp.css&_track_static%5B1%5D=http%3A%2F%2Flocalhost%3A4000%2Fassets%2Fjs%2Fapp.js&_mounts=0&_mount_attempts=0&_live_referer=undefined&vsn=2.0.0&:0
[  915166ms] [ERROR] WebSocket connection to 'ws://localhost:4000/phoenix/live_reload/socket/websocket?vsn=2.0.0' failed: Error in connection establishment: net::ERR_CONNECTION_REFUSED @ http://localhost:4000/phoenix/live_reload/frame:1340
[  919264ms] [ERROR] Failed to load resource: net::ERR_CONNECTION_REFUSED @ http://localhost:4000/live/longpoll?_csrf_token=GBFZD00DKDocN3gEb1sFMGolaUoJaFsBNv4htbwvMO9W9nAE0r3rhEoj&_track_static%5B0%5D=http%3A%2F%2Flocalhost%3A4000%2Fassets%2Fcss%2Fapp.css&_track_static%5B1%5D=http%3A%2F%2Flocalhost%3A4000%2Fassets%2Fjs%2Fapp.js&_mounts=0&_mount_attempts=0&_live_referer=undefined&vsn=2.0.0&:0
[  920167ms] [ERROR] WebSocket connection to 'ws://localhost:4000/phoenix/live_reload/socket/websocket?vsn=2.0.0' failed: Error in connection establishment: net::ERR_CONNECTION_REFUSED @ http://localhost:4000/phoenix/live_reload/frame:1340
[  924266ms] [ERROR] Failed to load resource: net::ERR_CONNECTION_REFUSED @ http://localhost:4000/live/longpoll?_csrf_token=GBFZD00DKDocN3gEb1sFMGolaUoJaFsBNv4htbwvMO9W9nAE0r3rhEoj&_track_static%5B0%5D=http%3A%2F%2Flocalhost%3A4000%2Fassets%2Fcss%2Fapp.css&_track_static%5B1%5D=http%3A%2F%2Flocalhost%3A4000%2Fassets%2Fjs%2Fapp.js&_mounts=0&_mount_attempts=0&_live_referer=undefined&vsn=2.0.0&:0
[  925169ms] [ERROR] WebSocket connection to 'ws://localhost:4000/phoenix/live_reload/socket/websocket?vsn=2.0.0' failed: Error in connection establishment: net::ERR_CONNECTION_REFUSED @ http://localhost:4000/phoenix/live_reload/frame:1340
[  929268ms] [ERROR] Failed to load resource: net::ERR_CONNECTION_REFUSED @ http://localhost:4000/live/longpoll?_csrf_token=GBFZD00DKDocN3gEb1sFMGolaUoJaFsBNv4htbwvMO9W9nAE0r3rhEoj&_track_static%5B0%5D=http%3A%2F%2Flocalhost%3A4000%2Fassets%2Fcss%2Fapp.css&_track_static%5B1%5D=http%3A%2F%2Flocalhost%3A4000%2Fassets%2Fjs%2Fapp.js&_mounts=0&_mount_attempts=0&_live_referer=undefined&vsn=2.0.0&:0
[  930172ms] [ERROR] WebSocket connection to 'ws://localhost:4000/phoenix/live_reload/socket/websocket?vsn=2.0.0' failed: Error in connection establishment: net::ERR_CONNECTION_REFUSED @ http://localhost:4000/phoenix/live_reload/frame:1340
[  934269ms] [ERROR] Failed to load resource: net::ERR_CONNECTION_REFUSED @ http://localhost:4000/live/longpoll?_csrf_token=GBFZD00DKDocN3gEb1sFMGolaUoJaFsBNv4htbwvMO9W9nAE0r3rhEoj&_track_static%5B0%5D=http%3A%2F%2Flocalhost%3A4000%2Fassets%2Fcss%2Fapp.css&_track_static%5B1%5D=http%3A%2F%2Flocalhost%3A4000%2Fassets%2Fjs%2Fapp.js&_mounts=0&_mount_attempts=0&_live_referer=undefined&vsn=2.0.0&:0
[  935175ms] [ERROR] WebSocket connection to 'ws://localhost:4000/phoenix/live_reload/socket/websocket?vsn=2.0.0' failed: Error in connection establishment: net::ERR_CONNECTION_REFUSED @ http://localhost:4000/phoenix/live_reload/frame:1340
[  939272ms] [ERROR] Failed to load resource: net::ERR_CONNECTION_REFUSED @ http://localhost:4000/live/longpoll?_csrf_token=GBFZD00DKDocN3gEb1sFMGolaUoJaFsBNv4htbwvMO9W9nAE0r3rhEoj&_track_static%5B0%5D=http%3A%2F%2Flocalhost%3A4000%2Fassets%2Fcss%2Fapp.css&_track_static%5B1%5D=http%3A%2F%2Flocalhost%3A4000%2Fassets%2Fjs%2Fapp.js&_mounts=0&_mount_attempts=0&_live_referer=undefined&vsn=2.0.0&:0
[  940181ms] [ERROR] WebSocket connection to 'ws://localhost:4000/phoenix/live_reload/socket/websocket?vsn=2.0.0' failed: Error in connection establishment: net::ERR_CONNECTION_REFUSED @ http://localhost:4000/phoenix/live_reload/frame:1340
[  944274ms] [ERROR] Failed to load resource: net::ERR_CONNECTION_REFUSED @ http://localhost:4000/live/longpoll?_csrf_token=GBFZD00DKDocN3gEb1sFMGolaUoJaFsBNv4htbwvMO9W9nAE0r3rhEoj&_track_static%5B0%5D=http%3A%2F%2Flocalhost%3A4000%2Fassets%2Fcss%2Fapp.css&_track_static%5B1%5D=http%3A%2F%2Flocalhost%3A4000%2Fassets%2Fjs%2Fapp.js&_mounts=0&_mount_attempts=0&_live_referer=undefined&vsn=2.0.0&:0
[  945186ms] [ERROR] WebSocket connection to 'ws://localhost:4000/phoenix/live_reload/socket/websocket?vsn=2.0.0' failed: Error in connection establishment: net::ERR_CONNECTION_REFUSED @ http://localhost:4000/phoenix/live_reload/frame:1340
[  949276ms] [ERROR] Failed to load resource: net::ERR_CONNECTION_REFUSED @ http://localhost:4000/live/longpoll?_csrf_token=GBFZD00DKDocN3gEb1sFMGolaUoJaFsBNv4htbwvMO9W9nAE0r3rhEoj&_track_static%5B0%5D=http%3A%2F%2Flocalhost%3A4000%2Fassets%2Fcss%2Fapp.css&_track_static%5B1%5D=http%3A%2F%2Flocalhost%3A4000%2Fassets%2Fjs%2Fapp.js&_mounts=0&_mount_attempts=0&_live_referer=undefined&vsn=2.0.0&:0
[  950202ms] [ERROR] WebSocket connection to 'ws://localhost:4000/phoenix/live_reload/socket/websocket?vsn=2.0.0' failed: Error in connection establishment: net::ERR_CONNECTION_REFUSED @ http://localhost:4000/phoenix/live_reload/frame:1340
[  954417ms] [LOG] phx-GKVJVf4ffLx44QlC error: unauthorized live_redirect. Falling back to page request -  {reason: stale} @ http://localhost:4000/assets/js/app.js:1863
[  954420ms] [LOG] phx-GKVJVf4ffLx44QlC socket: disconnect for page nav -  undefined @ http://localhost:4000/assets/js/app.js:1863
[  954421ms] [LOG] phx-GKVJVf4ffLx44QlC destroyed: the child has been removed from the parent -  undefined @ http://localhost:4000/assets/js/app.js:1863
[  954421ms] [LOG]  destroyed: the child has been removed from the parent -  undefined @ http://localhost:4000/assets/js/app.js:1863
[  954918ms] [INFO] %c📡 [info] GET /.well-known/appspecific/com.chrome.devtools.json
 color: inherit; @ http://localhost:4000/phoenix/live_reload/frame:1828
[  956340ms] [LOG] phx-GKVJktGZlbGp8hrF mount:  -  {0: , 1: , 2: Object, 3: Object, 4: , 5: , 6: , 7: , 8: , 9: , 10: , 11: , p: Object, s: 8, r: 1} @ http://localhost:4000/assets/js/app.js:1863
