[    2844ms] [LOG] phx-GKVK2Xt0GfZIkABK mount:  -  {0: , 1: , 2: Object, 3: Object, 4: , 5: , 6: , 7: , 8: , 9: , 10: , 11: , p: Object, s: 8, r: 1} @ http://localhost:4000/assets/js/app.js:1863
[    5542ms] [LOG] phx-GKVK2Xt0GfZIkABK update:  -  {2: Object, 3: , 4: , 5: , 6: , 7: , 8: , 9: , 10: Object, 11: , p: Object} @ http://localhost:4000/assets/js/app.js:1863
[   22249ms] [LOG] phx-GKVK2Xt0GfZIkABK update:  -  {0: Object, p: Object} @ http://localhost:4000/assets/js/app.js:1863
[   23373ms] [LOG] phx-GKVK2Xt0GfZIkABK update:  -  {0: , 3: , 10: Object, 11: , p: Object} @ http://localhost:4000/assets/js/app.js:1863
[   37761ms] [ERROR] WebSocket connection to 'ws://localhost:4000/phoenix/live_reload/socket/websocket?vsn=2.0.0' failed:  @ http://localhost:4000/phoenix/live_reload/frame:1340
[   37762ms] [LOG] phx-GKVK2Xt0GfZIkABK error: view crashed -  undefined @ http://localhost:4000/assets/js/app.js:1863
[   37839ms] [ERROR] WebSocket connection to 'ws://localhost:4000/phoenix/live_reload/socket/websocket?vsn=2.0.0' failed: Error in connection establishment: net::ERR_CONNECTION_REFUSED @ http://localhost:4000/phoenix/live_reload/frame:1340
[   37839ms] [ERROR] Failed to load resource: net::ERR_CONNECTION_REFUSED @ http://localhost:4000/live/longpoll?_csrf_token=LClgATlGHEcXdTwmDDE3fRN3Cjc_egR7ULRSWvZwEBEWJPD4L5defNu1&_track_static%5B0%5D=http%3A%2F%2Flocalhost%3A4000%2Fassets%2Fcss%2Fapp.css&_track_static%5B1%5D=http%3A%2F%2Flocalhost%3A4000%2Fassets%2Fjs%2Fapp.js&_mounts=0&_mount_attempts=0&_live_referer=undefined&vsn=2.0.0&:0
[   37891ms] [ERROR] WebSocket connection to 'ws://localhost:4000/phoenix/live_reload/socket/websocket?vsn=2.0.0' failed: Error in connection establishment: net::ERR_CONNECTION_REFUSED @ http://localhost:4000/phoenix/live_reload/frame:1340
[   37892ms] [ERROR] Failed to load resource: net::ERR_CONNECTION_REFUSED @ http://localhost:4000/live/longpoll?_csrf_token=LClgATlGHEcXdTwmDDE3fRN3Cjc_egR7ULRSWvZwEBEWJPD4L5defNu1&_track_static%5B0%5D=http%3A%2F%2Flocalhost%3A4000%2Fassets%2Fcss%2Fapp.css&_track_static%5B1%5D=http%3A%2F%2Flocalhost%3A4000%2Fassets%2Fjs%2Fapp.js&_mounts=0&_mount_attempts=0&_live_referer=undefined&vsn=2.0.0&:0
[   37994ms] [ERROR] WebSocket connection to 'ws://localhost:4000/phoenix/live_reload/socket/websocket?vsn=2.0.0' failed: Error in connection establishment: net::ERR_CONNECTION_REFUSED @ http://localhost:4000/phoenix/live_reload/frame:1340
[   37994ms] [ERROR] Failed to load resource: net::ERR_CONNECTION_REFUSED @ http://localhost:4000/live/longpoll?_csrf_token=LClgATlGHEcXdTwmDDE3fRN3Cjc_egR7ULRSWvZwEBEWJPD4L5defNu1&_track_static%5B0%5D=http%3A%2F%2Flocalhost%3A4000%2Fassets%2Fcss%2Fapp.css&_track_static%5B1%5D=http%3A%2F%2Flocalhost%3A4000%2Fassets%2Fjs%2Fapp.js&_mounts=0&_mount_attempts=0&_live_referer=undefined&vsn=2.0.0&:0
[   38145ms] [ERROR] WebSocket connection to 'ws://localhost:4000/phoenix/live_reload/socket/websocket?vsn=2.0.0' failed: Error in connection establishment: net::ERR_CONNECTION_REFUSED @ http://localhost:4000/phoenix/live_reload/frame:1340
[   38146ms] [ERROR] Failed to load resource: net::ERR_CONNECTION_REFUSED @ http://localhost:4000/live/longpoll?_csrf_token=LClgATlGHEcXdTwmDDE3fRN3Cjc_egR7ULRSWvZwEBEWJPD4L5defNu1&_track_static%5B0%5D=http%3A%2F%2Flocalhost%3A4000%2Fassets%2Fcss%2Fapp.css&_track_static%5B1%5D=http%3A%2F%2Flocalhost%3A4000%2Fassets%2Fjs%2Fapp.js&_mounts=0&_mount_attempts=0&_live_referer=undefined&vsn=2.0.0&:0
[   38348ms] [ERROR] Failed to load resource: net::ERR_CONNECTION_REFUSED @ http://localhost:4000/live/longpoll?_csrf_token=LClgATlGHEcXdTwmDDE3fRN3Cjc_egR7ULRSWvZwEBEWJPD4L5defNu1&_track_static%5B0%5D=http%3A%2F%2Flocalhost%3A4000%2Fassets%2Fcss%2Fapp.css&_track_static%5B1%5D=http%3A%2F%2Flocalhost%3A4000%2Fassets%2Fjs%2Fapp.js&_mounts=0&_mount_attempts=0&_live_referer=undefined&vsn=2.0.0&:0
[   38349ms] [ERROR] WebSocket connection to 'ws://localhost:4000/phoenix/live_reload/socket/websocket?vsn=2.0.0' failed: Error in connection establishment: net::ERR_CONNECTION_REFUSED @ http://localhost:4000/phoenix/live_reload/frame:1340
[   38600ms] [ERROR] Failed to load resource: net::ERR_CONNECTION_REFUSED @ http://localhost:4000/live/longpoll?_csrf_token=LClgATlGHEcXdTwmDDE3fRN3Cjc_egR7ULRSWvZwEBEWJPD4L5defNu1&_track_static%5B0%5D=http%3A%2F%2Flocalhost%3A4000%2Fassets%2Fcss%2Fapp.css&_track_static%5B1%5D=http%3A%2F%2Flocalhost%3A4000%2Fassets%2Fjs%2Fapp.js&_mounts=0&_mount_attempts=0&_live_referer=undefined&vsn=2.0.0&:0
[   38604ms] [ERROR] WebSocket connection to 'ws://localhost:4000/phoenix/live_reload/socket/websocket?vsn=2.0.0' failed: Error in connection establishment: net::ERR_CONNECTION_REFUSED @ http://localhost:4000/phoenix/live_reload/frame:1340
[   39102ms] [ERROR] Failed to load resource: net::ERR_CONNECTION_REFUSED @ http://localhost:4000/live/longpoll?_csrf_token=LClgATlGHEcXdTwmDDE3fRN3Cjc_egR7ULRSWvZwEBEWJPD4L5defNu1&_track_static%5B0%5D=http%3A%2F%2Flocalhost%3A4000%2Fassets%2Fcss%2Fapp.css&_track_static%5B1%5D=http%3A%2F%2Flocalhost%3A4000%2Fassets%2Fjs%2Fapp.js&_mounts=0&_mount_attempts=0&_live_referer=undefined&vsn=2.0.0&:0
[   39114ms] [ERROR] WebSocket connection to 'ws://localhost:4000/phoenix/live_reload/socket/websocket?vsn=2.0.0' failed: Error in connection establishment: net::ERR_CONNECTION_REFUSED @ http://localhost:4000/phoenix/live_reload/frame:1340
[   40104ms] [ERROR] Failed to load resource: net::ERR_CONNECTION_REFUSED @ http://localhost:4000/live/longpoll?_csrf_token=LClgATlGHEcXdTwmDDE3fRN3Cjc_egR7ULRSWvZwEBEWJPD4L5defNu1&_track_static%5B0%5D=http%3A%2F%2Flocalhost%3A4000%2Fassets%2Fcss%2Fapp.css&_track_static%5B1%5D=http%3A%2F%2Flocalhost%3A4000%2Fassets%2Fjs%2Fapp.js&_mounts=0&_mount_attempts=0&_live_referer=undefined&vsn=2.0.0&:0
[   40137ms] [ERROR] WebSocket connection to 'ws://localhost:4000/phoenix/live_reload/socket/websocket?vsn=2.0.0' failed: Error in connection establishment: net::ERR_CONNECTION_REFUSED @ http://localhost:4000/phoenix/live_reload/frame:1340
[   42107ms] [ERROR] Failed to load resource: net::ERR_CONNECTION_REFUSED @ http://localhost:4000/live/longpoll?_csrf_token=LClgATlGHEcXdTwmDDE3fRN3Cjc_egR7ULRSWvZwEBEWJPD4L5defNu1&_track_static%5B0%5D=http%3A%2F%2Flocalhost%3A4000%2Fassets%2Fcss%2Fapp.css&_track_static%5B1%5D=http%3A%2F%2Flocalhost%3A4000%2Fassets%2Fjs%2Fapp.js&_mounts=0&_mount_attempts=0&_live_referer=undefined&vsn=2.0.0&:0
[   42166ms] [ERROR] WebSocket connection to 'ws://localhost:4000/phoenix/live_reload/socket/websocket?vsn=2.0.0' failed: Error in connection establishment: net::ERR_CONNECTION_REFUSED @ http://localhost:4000/phoenix/live_reload/frame:1340
[   47111ms] [ERROR] Failed to load resource: net::ERR_CONNECTION_REFUSED @ http://localhost:4000/live/longpoll?_csrf_token=LClgATlGHEcXdTwmDDE3fRN3Cjc_egR7ULRSWvZwEBEWJPD4L5defNu1&_track_static%5B0%5D=http%3A%2F%2Flocalhost%3A4000%2Fassets%2Fcss%2Fapp.css&_track_static%5B1%5D=http%3A%2F%2Flocalhost%3A4000%2Fassets%2Fjs%2Fapp.js&_mounts=0&_mount_attempts=0&_live_referer=undefined&vsn=2.0.0&:0
[   47229ms] [ERROR] WebSocket connection to 'ws://localhost:4000/phoenix/live_reload/socket/websocket?vsn=2.0.0' failed: Error in connection establishment: net::ERR_CONNECTION_REFUSED @ http://localhost:4000/phoenix/live_reload/frame:1340
[   52115ms] [ERROR] Failed to load resource: net::ERR_CONNECTION_REFUSED @ http://localhost:4000/live/longpoll?_csrf_token=LClgATlGHEcXdTwmDDE3fRN3Cjc_egR7ULRSWvZwEBEWJPD4L5defNu1&_track_static%5B0%5D=http%3A%2F%2Flocalhost%3A4000%2Fassets%2Fcss%2Fapp.css&_track_static%5B1%5D=http%3A%2F%2Flocalhost%3A4000%2Fassets%2Fjs%2Fapp.js&_mounts=0&_mount_attempts=0&_live_referer=undefined&vsn=2.0.0&:0
[   52362ms] [ERROR] WebSocket connection to 'ws://localhost:4000/phoenix/live_reload/socket/websocket?vsn=2.0.0' failed: Error in connection establishment: net::ERR_CONNECTION_REFUSED @ http://localhost:4000/phoenix/live_reload/frame:1340
[   57121ms] [ERROR] Failed to load resource: net::ERR_CONNECTION_REFUSED @ http://localhost:4000/live/longpoll?_csrf_token=LClgATlGHEcXdTwmDDE3fRN3Cjc_egR7ULRSWvZwEBEWJPD4L5defNu1&_track_static%5B0%5D=http%3A%2F%2Flocalhost%3A4000%2Fassets%2Fcss%2Fapp.css&_track_static%5B1%5D=http%3A%2F%2Flocalhost%3A4000%2Fassets%2Fjs%2Fapp.js&_mounts=0&_mount_attempts=0&_live_referer=undefined&vsn=2.0.0&:0
[   57482ms] [ERROR] WebSocket connection to 'ws://localhost:4000/phoenix/live_reload/socket/websocket?vsn=2.0.0' failed: Error in connection establishment: net::ERR_CONNECTION_REFUSED @ http://localhost:4000/phoenix/live_reload/frame:1340
[   62124ms] [ERROR] Failed to load resource: net::ERR_CONNECTION_REFUSED @ http://localhost:4000/live/longpoll?_csrf_token=LClgATlGHEcXdTwmDDE3fRN3Cjc_egR7ULRSWvZwEBEWJPD4L5defNu1&_track_static%5B0%5D=http%3A%2F%2Flocalhost%3A4000%2Fassets%2Fcss%2Fapp.css&_track_static%5B1%5D=http%3A%2F%2Flocalhost%3A4000%2Fassets%2Fjs%2Fapp.js&_mounts=0&_mount_attempts=0&_live_referer=undefined&vsn=2.0.0&:0
[   63079ms] [ERROR] WebSocket connection to 'ws://localhost:4000/phoenix/live_reload/socket/websocket?vsn=2.0.0' failed: Error in connection establishment: net::ERR_CONNECTION_REFUSED @ http://localhost:4000/phoenix/live_reload/frame:1340
[   67132ms] [ERROR] Failed to load resource: net::ERR_CONNECTION_REFUSED @ http://localhost:4000/live/longpoll?_csrf_token=LClgATlGHEcXdTwmDDE3fRN3Cjc_egR7ULRSWvZwEBEWJPD4L5defNu1&_track_static%5B0%5D=http%3A%2F%2Flocalhost%3A4000%2Fassets%2Fcss%2Fapp.css&_track_static%5B1%5D=http%3A%2F%2Flocalhost%3A4000%2Fassets%2Fjs%2Fapp.js&_mounts=0&_mount_attempts=0&_live_referer=undefined&vsn=2.0.0&:0
[   68474ms] [ERROR] WebSocket connection to 'ws://localhost:4000/phoenix/live_reload/socket/websocket?vsn=2.0.0' failed: Error in connection establishment: net::ERR_CONNECTION_REFUSED @ http://localhost:4000/phoenix/live_reload/frame:1340
[   72136ms] [ERROR] Failed to load resource: net::ERR_CONNECTION_REFUSED @ http://localhost:4000/live/longpoll?_csrf_token=LClgATlGHEcXdTwmDDE3fRN3Cjc_egR7ULRSWvZwEBEWJPD4L5defNu1&_track_static%5B0%5D=http%3A%2F%2Flocalhost%3A4000%2Fassets%2Fcss%2Fapp.css&_track_static%5B1%5D=http%3A%2F%2Flocalhost%3A4000%2Fassets%2Fjs%2Fapp.js&_mounts=0&_mount_attempts=0&_live_referer=undefined&vsn=2.0.0&:0
[   74334ms] [ERROR] WebSocket connection to 'ws://localhost:4000/phoenix/live_reload/socket/websocket?vsn=2.0.0' failed: Error in connection establishment: net::ERR_CONNECTION_REFUSED @ http://localhost:4000/phoenix/live_reload/frame:1340
[   77139ms] [ERROR] Failed to load resource: net::ERR_CONNECTION_REFUSED @ http://localhost:4000/live/longpoll?_csrf_token=LClgATlGHEcXdTwmDDE3fRN3Cjc_egR7ULRSWvZwEBEWJPD4L5defNu1&_track_static%5B0%5D=http%3A%2F%2Flocalhost%3A4000%2Fassets%2Fcss%2Fapp.css&_track_static%5B1%5D=http%3A%2F%2Flocalhost%3A4000%2Fassets%2Fjs%2Fapp.js&_mounts=0&_mount_attempts=0&_live_referer=undefined&vsn=2.0.0&:0
[   82148ms] [ERROR] Failed to load resource: net::ERR_CONNECTION_REFUSED @ http://localhost:4000/live/longpoll?_csrf_token=LClgATlGHEcXdTwmDDE3fRN3Cjc_egR7ULRSWvZwEBEWJPD4L5defNu1&_track_static%5B0%5D=http%3A%2F%2Flocalhost%3A4000%2Fassets%2Fcss%2Fapp.css&_track_static%5B1%5D=http%3A%2F%2Flocalhost%3A4000%2Fassets%2Fjs%2Fapp.js&_mounts=0&_mount_attempts=0&_live_referer=undefined&vsn=2.0.0&:0
[   83508ms] [ERROR] WebSocket connection to 'ws://localhost:4000/phoenix/live_reload/socket/websocket?vsn=2.0.0' failed: Error in connection establishment: net::ERR_CONNECTION_REFUSED @ http://localhost:4000/phoenix/live_reload/frame:1340
[   87151ms] [ERROR] Failed to load resource: net::ERR_CONNECTION_REFUSED @ http://localhost:4000/live/longpoll?_csrf_token=LClgATlGHEcXdTwmDDE3fRN3Cjc_egR7ULRSWvZwEBEWJPD4L5defNu1&_track_static%5B0%5D=http%3A%2F%2Flocalhost%3A4000%2Fassets%2Fcss%2Fapp.css&_track_static%5B1%5D=http%3A%2F%2Flocalhost%3A4000%2Fassets%2Fjs%2Fapp.js&_mounts=0&_mount_attempts=0&_live_referer=undefined&vsn=2.0.0&:0
[   89967ms] [ERROR] WebSocket connection to 'ws://localhost:4000/phoenix/live_reload/socket/websocket?vsn=2.0.0' failed: Error in connection establishment: net::ERR_CONNECTION_REFUSED @ http://localhost:4000/phoenix/live_reload/frame:1340
[   92155ms] [ERROR] Failed to load resource: net::ERR_CONNECTION_REFUSED @ http://localhost:4000/live/longpoll?_csrf_token=LClgATlGHEcXdTwmDDE3fRN3Cjc_egR7ULRSWvZwEBEWJPD4L5defNu1&_track_static%5B0%5D=http%3A%2F%2Flocalhost%3A4000%2Fassets%2Fcss%2Fapp.css&_track_static%5B1%5D=http%3A%2F%2Flocalhost%3A4000%2Fassets%2Fjs%2Fapp.js&_mounts=0&_mount_attempts=0&_live_referer=undefined&vsn=2.0.0&:0
[   97156ms] [ERROR] Failed to load resource: net::ERR_CONNECTION_REFUSED @ http://localhost:4000/live/longpoll?_csrf_token=LClgATlGHEcXdTwmDDE3fRN3Cjc_egR7ULRSWvZwEBEWJPD4L5defNu1&_track_static%5B0%5D=http%3A%2F%2Flocalhost%3A4000%2Fassets%2Fcss%2Fapp.css&_track_static%5B1%5D=http%3A%2F%2Flocalhost%3A4000%2Fassets%2Fjs%2Fapp.js&_mounts=0&_mount_attempts=0&_live_referer=undefined&vsn=2.0.0&:0
[   97383ms] [ERROR] WebSocket connection to 'ws://localhost:4000/phoenix/live_reload/socket/websocket?vsn=2.0.0' failed: Error in connection establishment: net::ERR_CONNECTION_REFUSED @ http://localhost:4000/phoenix/live_reload/frame:1340
[  102158ms] [ERROR] Failed to load resource: net::ERR_CONNECTION_REFUSED @ http://localhost:4000/live/longpoll?_csrf_token=LClgATlGHEcXdTwmDDE3fRN3Cjc_egR7ULRSWvZwEBEWJPD4L5defNu1&_track_static%5B0%5D=http%3A%2F%2Flocalhost%3A4000%2Fassets%2Fcss%2Fapp.css&_track_static%5B1%5D=http%3A%2F%2Flocalhost%3A4000%2Fassets%2Fjs%2Fapp.js&_mounts=0&_mount_attempts=0&_live_referer=undefined&vsn=2.0.0&:0
[  104117ms] [ERROR] WebSocket connection to 'ws://localhost:4000/phoenix/live_reload/socket/websocket?vsn=2.0.0' failed: Error in connection establishment: net::ERR_CONNECTION_REFUSED @ http://localhost:4000/phoenix/live_reload/frame:1340
[  107161ms] [ERROR] Failed to load resource: net::ERR_CONNECTION_REFUSED @ http://localhost:4000/live/longpoll?_csrf_token=LClgATlGHEcXdTwmDDE3fRN3Cjc_egR7ULRSWvZwEBEWJPD4L5defNu1&_track_static%5B0%5D=http%3A%2F%2Flocalhost%3A4000%2Fassets%2Fcss%2Fapp.css&_track_static%5B1%5D=http%3A%2F%2Flocalhost%3A4000%2Fassets%2Fjs%2Fapp.js&_mounts=0&_mount_attempts=0&_live_referer=undefined&vsn=2.0.0&:0
[  111583ms] [ERROR] WebSocket connection to 'ws://localhost:4000/phoenix/live_reload/socket/websocket?vsn=2.0.0' failed: Error in connection establishment: net::ERR_CONNECTION_REFUSED @ http://localhost:4000/phoenix/live_reload/frame:1340
[  112163ms] [ERROR] Failed to load resource: net::ERR_CONNECTION_REFUSED @ http://localhost:4000/live/longpoll?_csrf_token=LClgATlGHEcXdTwmDDE3fRN3Cjc_egR7ULRSWvZwEBEWJPD4L5defNu1&_track_static%5B0%5D=http%3A%2F%2Flocalhost%3A4000%2Fassets%2Fcss%2Fapp.css&_track_static%5B1%5D=http%3A%2F%2Flocalhost%3A4000%2Fassets%2Fjs%2Fapp.js&_mounts=0&_mount_attempts=0&_live_referer=undefined&vsn=2.0.0&:0
[  117166ms] [ERROR] Failed to load resource: net::ERR_CONNECTION_REFUSED @ http://localhost:4000/live/longpoll?_csrf_token=LClgATlGHEcXdTwmDDE3fRN3Cjc_egR7ULRSWvZwEBEWJPD4L5defNu1&_track_static%5B0%5D=http%3A%2F%2Flocalhost%3A4000%2Fassets%2Fcss%2Fapp.css&_track_static%5B1%5D=http%3A%2F%2Flocalhost%3A4000%2Fassets%2Fjs%2Fapp.js&_mounts=0&_mount_attempts=0&_live_referer=undefined&vsn=2.0.0&:0
[  119183ms] [ERROR] WebSocket connection to 'ws://localhost:4000/phoenix/live_reload/socket/websocket?vsn=2.0.0' failed: Error in connection establishment: net::ERR_CONNECTION_REFUSED @ http://localhost:4000/phoenix/live_reload/frame:1340
[  122168ms] [ERROR] Failed to load resource: net::ERR_CONNECTION_REFUSED @ http://localhost:4000/live/longpoll?_csrf_token=LClgATlGHEcXdTwmDDE3fRN3Cjc_egR7ULRSWvZwEBEWJPD4L5defNu1&_track_static%5B0%5D=http%3A%2F%2Flocalhost%3A4000%2Fassets%2Fcss%2Fapp.css&_track_static%5B1%5D=http%3A%2F%2Flocalhost%3A4000%2Fassets%2Fjs%2Fapp.js&_mounts=0&_mount_attempts=0&_live_referer=undefined&vsn=2.0.0&:0
[  127171ms] [ERROR] Failed to load resource: net::ERR_CONNECTION_REFUSED @ http://localhost:4000/live/longpoll?_csrf_token=LClgATlGHEcXdTwmDDE3fRN3Cjc_egR7ULRSWvZwEBEWJPD4L5defNu1&_track_static%5B0%5D=http%3A%2F%2Flocalhost%3A4000%2Fassets%2Fcss%2Fapp.css&_track_static%5B1%5D=http%3A%2F%2Flocalhost%3A4000%2Fassets%2Fjs%2Fapp.js&_mounts=0&_mount_attempts=0&_live_referer=undefined&vsn=2.0.0&:0
[  129187ms] [ERROR] WebSocket connection to 'ws://localhost:4000/phoenix/live_reload/socket/websocket?vsn=2.0.0' failed: Error in connection establishment: net::ERR_CONNECTION_REFUSED @ http://localhost:4000/phoenix/live_reload/frame:1340
[  132173ms] [ERROR] Failed to load resource: net::ERR_CONNECTION_REFUSED @ http://localhost:4000/live/longpoll?_csrf_token=LClgATlGHEcXdTwmDDE3fRN3Cjc_egR7ULRSWvZwEBEWJPD4L5defNu1&_track_static%5B0%5D=http%3A%2F%2Flocalhost%3A4000%2Fassets%2Fcss%2Fapp.css&_track_static%5B1%5D=http%3A%2F%2Flocalhost%3A4000%2Fassets%2Fjs%2Fapp.js&_mounts=0&_mount_attempts=0&_live_referer=undefined&vsn=2.0.0&:0
[  137175ms] [ERROR] Failed to load resource: net::ERR_CONNECTION_REFUSED @ http://localhost:4000/live/longpoll?_csrf_token=LClgATlGHEcXdTwmDDE3fRN3Cjc_egR7ULRSWvZwEBEWJPD4L5defNu1&_track_static%5B0%5D=http%3A%2F%2Flocalhost%3A4000%2Fassets%2Fcss%2Fapp.css&_track_static%5B1%5D=http%3A%2F%2Flocalhost%3A4000%2Fassets%2Fjs%2Fapp.js&_mounts=0&_mount_attempts=0&_live_referer=undefined&vsn=2.0.0&:0
[  137966ms] [ERROR] WebSocket connection to 'ws://localhost:4000/phoenix/live_reload/socket/websocket?vsn=2.0.0' failed: Error in connection establishment: net::ERR_CONNECTION_REFUSED @ http://localhost:4000/phoenix/live_reload/frame:1340
[  142178ms] [ERROR] Failed to load resource: net::ERR_CONNECTION_REFUSED @ http://localhost:4000/live/longpoll?_csrf_token=LClgATlGHEcXdTwmDDE3fRN3Cjc_egR7ULRSWvZwEBEWJPD4L5defNu1&_track_static%5B0%5D=http%3A%2F%2Flocalhost%3A4000%2Fassets%2Fcss%2Fapp.css&_track_static%5B1%5D=http%3A%2F%2Flocalhost%3A4000%2Fassets%2Fjs%2Fapp.js&_mounts=0&_mount_attempts=0&_live_referer=undefined&vsn=2.0.0&:0
[  145566ms] [ERROR] WebSocket connection to 'ws://localhost:4000/phoenix/live_reload/socket/websocket?vsn=2.0.0' failed: Error in connection establishment: net::ERR_CONNECTION_REFUSED @ http://localhost:4000/phoenix/live_reload/frame:1340
[  147180ms] [ERROR] Failed to load resource: net::ERR_CONNECTION_REFUSED @ http://localhost:4000/live/longpoll?_csrf_token=LClgATlGHEcXdTwmDDE3fRN3Cjc_egR7ULRSWvZwEBEWJPD4L5defNu1&_track_static%5B0%5D=http%3A%2F%2Flocalhost%3A4000%2Fassets%2Fcss%2Fapp.css&_track_static%5B1%5D=http%3A%2F%2Flocalhost%3A4000%2Fassets%2Fjs%2Fapp.js&_mounts=0&_mount_attempts=0&_live_referer=undefined&vsn=2.0.0&:0
[  152182ms] [ERROR] Failed to load resource: net::ERR_CONNECTION_REFUSED @ http://localhost:4000/live/longpoll?_csrf_token=LClgATlGHEcXdTwmDDE3fRN3Cjc_egR7ULRSWvZwEBEWJPD4L5defNu1&_track_static%5B0%5D=http%3A%2F%2Flocalhost%3A4000%2Fassets%2Fcss%2Fapp.css&_track_static%5B1%5D=http%3A%2F%2Flocalhost%3A4000%2Fassets%2Fjs%2Fapp.js&_mounts=0&_mount_attempts=0&_live_referer=undefined&vsn=2.0.0&:0
[  154951ms] [ERROR] WebSocket connection to 'ws://localhost:4000/phoenix/live_reload/socket/websocket?vsn=2.0.0' failed: Error in connection establishment: net::ERR_CONNECTION_REFUSED @ http://localhost:4000/phoenix/live_reload/frame:1340
[  157185ms] [ERROR] Failed to load resource: net::ERR_CONNECTION_REFUSED @ http://localhost:4000/live/longpoll?_csrf_token=LClgATlGHEcXdTwmDDE3fRN3Cjc_egR7ULRSWvZwEBEWJPD4L5defNu1&_track_static%5B0%5D=http%3A%2F%2Flocalhost%3A4000%2Fassets%2Fcss%2Fapp.css&_track_static%5B1%5D=http%3A%2F%2Flocalhost%3A4000%2Fassets%2Fjs%2Fapp.js&_mounts=0&_mount_attempts=0&_live_referer=undefined&vsn=2.0.0&:0
[  159954ms] [ERROR] WebSocket connection to 'ws://localhost:4000/phoenix/live_reload/socket/websocket?vsn=2.0.0' failed: Error in connection establishment: net::ERR_CONNECTION_REFUSED @ http://localhost:4000/phoenix/live_reload/frame:1340
[  162188ms] [ERROR] Failed to load resource: net::ERR_CONNECTION_REFUSED @ http://localhost:4000/live/longpoll?_csrf_token=LClgATlGHEcXdTwmDDE3fRN3Cjc_egR7ULRSWvZwEBEWJPD4L5defNu1&_track_static%5B0%5D=http%3A%2F%2Flocalhost%3A4000%2Fassets%2Fcss%2Fapp.css&_track_static%5B1%5D=http%3A%2F%2Flocalhost%3A4000%2Fassets%2Fjs%2Fapp.js&_mounts=0&_mount_attempts=0&_live_referer=undefined&vsn=2.0.0&:0
[  164957ms] [ERROR] WebSocket connection to 'ws://localhost:4000/phoenix/live_reload/socket/websocket?vsn=2.0.0' failed: Error in connection establishment: net::ERR_CONNECTION_REFUSED @ http://localhost:4000/phoenix/live_reload/frame:1340
[  167190ms] [ERROR] Failed to load resource: net::ERR_CONNECTION_REFUSED @ http://localhost:4000/live/longpoll?_csrf_token=LClgATlGHEcXdTwmDDE3fRN3Cjc_egR7ULRSWvZwEBEWJPD4L5defNu1&_track_static%5B0%5D=http%3A%2F%2Flocalhost%3A4000%2Fassets%2Fcss%2Fapp.css&_track_static%5B1%5D=http%3A%2F%2Flocalhost%3A4000%2Fassets%2Fjs%2Fapp.js&_mounts=0&_mount_attempts=0&_live_referer=undefined&vsn=2.0.0&:0
[  169958ms] [ERROR] WebSocket connection to 'ws://localhost:4000/phoenix/live_reload/socket/websocket?vsn=2.0.0' failed: Error in connection establishment: net::ERR_CONNECTION_REFUSED @ http://localhost:4000/phoenix/live_reload/frame:1340
[  172193ms] [ERROR] Failed to load resource: net::ERR_CONNECTION_REFUSED @ http://localhost:4000/live/longpoll?_csrf_token=LClgATlGHEcXdTwmDDE3fRN3Cjc_egR7ULRSWvZwEBEWJPD4L5defNu1&_track_static%5B0%5D=http%3A%2F%2Flocalhost%3A4000%2Fassets%2Fcss%2Fapp.css&_track_static%5B1%5D=http%3A%2F%2Flocalhost%3A4000%2Fassets%2Fjs%2Fapp.js&_mounts=0&_mount_attempts=0&_live_referer=undefined&vsn=2.0.0&:0
[  174962ms] [ERROR] WebSocket connection to 'ws://localhost:4000/phoenix/live_reload/socket/websocket?vsn=2.0.0' failed: Error in connection establishment: net::ERR_CONNECTION_REFUSED @ http://localhost:4000/phoenix/live_reload/frame:1340
[  177195ms] [ERROR] Failed to load resource: net::ERR_CONNECTION_REFUSED @ http://localhost:4000/live/longpoll?_csrf_token=LClgATlGHEcXdTwmDDE3fRN3Cjc_egR7ULRSWvZwEBEWJPD4L5defNu1&_track_static%5B0%5D=http%3A%2F%2Flocalhost%3A4000%2Fassets%2Fcss%2Fapp.css&_track_static%5B1%5D=http%3A%2F%2Flocalhost%3A4000%2Fassets%2Fjs%2Fapp.js&_mounts=0&_mount_attempts=0&_live_referer=undefined&vsn=2.0.0&:0
[  179964ms] [ERROR] WebSocket connection to 'ws://localhost:4000/phoenix/live_reload/socket/websocket?vsn=2.0.0' failed: Error in connection establishment: net::ERR_CONNECTION_REFUSED @ http://localhost:4000/phoenix/live_reload/frame:1340
[  182202ms] [ERROR] Failed to load resource: net::ERR_CONNECTION_REFUSED @ http://localhost:4000/live/longpoll?_csrf_token=LClgATlGHEcXdTwmDDE3fRN3Cjc_egR7ULRSWvZwEBEWJPD4L5defNu1&_track_static%5B0%5D=http%3A%2F%2Flocalhost%3A4000%2Fassets%2Fcss%2Fapp.css&_track_static%5B1%5D=http%3A%2F%2Flocalhost%3A4000%2Fassets%2Fjs%2Fapp.js&_mounts=0&_mount_attempts=0&_live_referer=undefined&vsn=2.0.0&:0
[  184968ms] [ERROR] WebSocket connection to 'ws://localhost:4000/phoenix/live_reload/socket/websocket?vsn=2.0.0' failed: Error in connection establishment: net::ERR_CONNECTION_REFUSED @ http://localhost:4000/phoenix/live_reload/frame:1340
[  187205ms] [ERROR] Failed to load resource: net::ERR_CONNECTION_REFUSED @ http://localhost:4000/live/longpoll?_csrf_token=LClgATlGHEcXdTwmDDE3fRN3Cjc_egR7ULRSWvZwEBEWJPD4L5defNu1&_track_static%5B0%5D=http%3A%2F%2Flocalhost%3A4000%2Fassets%2Fcss%2Fapp.css&_track_static%5B1%5D=http%3A%2F%2Flocalhost%3A4000%2Fassets%2Fjs%2Fapp.js&_mounts=0&_mount_attempts=0&_live_referer=undefined&vsn=2.0.0&:0
[  189974ms] [ERROR] WebSocket connection to 'ws://localhost:4000/phoenix/live_reload/socket/websocket?vsn=2.0.0' failed: Error in connection establishment: net::ERR_CONNECTION_REFUSED @ http://localhost:4000/phoenix/live_reload/frame:1340
[  192209ms] [ERROR] Failed to load resource: net::ERR_CONNECTION_REFUSED @ http://localhost:4000/live/longpoll?_csrf_token=LClgATlGHEcXdTwmDDE3fRN3Cjc_egR7ULRSWvZwEBEWJPD4L5defNu1&_track_static%5B0%5D=http%3A%2F%2Flocalhost%3A4000%2Fassets%2Fcss%2Fapp.css&_track_static%5B1%5D=http%3A%2F%2Flocalhost%3A4000%2Fassets%2Fjs%2Fapp.js&_mounts=0&_mount_attempts=0&_live_referer=undefined&vsn=2.0.0&:0
[  197346ms] [INFO] %c📡 [info] CONNECTED TO Phoenix.LiveView.Socket in 16µs
  Transport: :longpoll
  Serializer: Phoenix.Socket.V2.JSONSerializer
  Parameters: %{"_csrf_token" => "LClgATlGHEcXdTwmDDE3fRN3Cjc_egR7ULRSWvZwEBEWJPD4L5defNu1", "_live_referer" => "undefined", "_mount_attempts" => "0", "_mounts" => "0", "_track_static" => %{"0" => "http://localhost:4000/assets/css/app.css", "1" => "http://localhost:4000/assets/js/app.js"}, "vsn" => "2.0.0"}
 color: inherit; @ http://localhost:4000/phoenix/live_reload/frame:1828
[  197440ms] [LOG] phx-GKVK2Xt0GfZIkABK error: unauthorized live_redirect. Falling back to page request -  {reason: stale} @ http://localhost:4000/assets/js/app.js:1863
[  197443ms] [LOG] phx-GKVK2Xt0GfZIkABK socket: disconnect for page nav -  undefined @ http://localhost:4000/assets/js/app.js:1863
[  197444ms] [LOG] phx-GKVK2Xt0GfZIkABK destroyed: the child has been removed from the parent -  undefined @ http://localhost:4000/assets/js/app.js:1863
[  197445ms] [LOG]  destroyed: the child has been removed from the parent -  undefined @ http://localhost:4000/assets/js/app.js:1863
[  197652ms] [INFO] %c📡 [info] GET /
 color: inherit; @ http://localhost:4000/phoenix/live_reload/frame:1828
[  197746ms] [INFO] %c📡 [info] Sent 200 in 106ms
 color: inherit; @ http://localhost:4000/phoenix/live_reload/frame:1828
[  197956ms] [INFO] %c📡 [info] GET /.well-known/appspecific/com.chrome.devtools.json
 color: inherit; @ http://localhost:4000/phoenix/live_reload/frame:1828
[  202830ms] [INFO] %c📡 [info] GET /
 color: inherit; @ http://localhost:4000/phoenix/live_reload/frame:1828
[  202833ms] [INFO] %c📡 [info] Sent 200 in 5ms
 color: inherit; @ http://localhost:4000/phoenix/live_reload/frame:1828
[  202835ms] [LOG] phx-GKVLB31WFi7aTQAJ error: view crashed -  undefined @ http://localhost:4000/assets/js/app.js:1863
[  203077ms] [WARNING] %c📡 [warning] retry: got exception, will retry in 1000ms, 3 attempts left
 color: inherit; @ http://localhost:4000/phoenix/live_reload/frame:1828
[  203079ms] [WARNING] %c📡 [warning] ** (Req.TransportError) timeout
 color: inherit; @ http://localhost:4000/phoenix/live_reload/frame:1828
[  208035ms] [WARNING] %c📡 [warning] retry: got exception, will retry in 1000ms, 3 attempts left
 color: inherit; @ http://localhost:4000/phoenix/live_reload/frame:1828
[  208035ms] [WARNING] %c📡 [warning] ** (Req.TransportError) timeout
 color: inherit; @ http://localhost:4000/phoenix/live_reload/frame:1828
[  209102ms] [WARNING] %c📡 [warning] retry: got exception, will retry in 2000ms, 2 attempts left
 color: inherit; @ http://localhost:4000/phoenix/live_reload/frame:1828
[  209102ms] [WARNING] %c📡 [warning] ** (Req.TransportError) timeout
 color: inherit; @ http://localhost:4000/phoenix/live_reload/frame:1828
[  211617ms] [LOG] phx-GKVLCK3gjuxBQQHE mount:  -  {0: , 1: , 2: Object, 3: Object, 4: , 5: , 6: , 7: , 8: , 9: , 10: , 11: , p: Object, s: 8, r: 1} @ http://localhost:4000/assets/js/app.js:1863
[  213246ms] [LOG] phx-GKVLCK3gjuxBQQHE update:  -  {2: Object, 3: , 4: , 5: , 6: , 7: , 8: , 9: , 10: Object, 11: , p: Object} @ http://localhost:4000/assets/js/app.js:1863
[  216268ms] [LOG] phx-GKVLCK3gjuxBQQHE update:  -  {0: Object, p: Object} @ http://localhost:4000/assets/js/app.js:1863
[  217403ms] [LOG] phx-GKVLCK3gjuxBQQHE update:  -  {0: , 3: , 10: Object, 11: , p: Object} @ http://localhost:4000/assets/js/app.js:1863
[  606214ms] [LOG] phx-GKVLCK3gjuxBQQHE update:  -  {0: Object, 3: , 10: Object, 11: , p: Object} @ http://localhost:4000/assets/js/app.js:1863
[  611221ms] [WARNING] %c📡 [warning] retry: got exception, will retry in 1000ms, 3 attempts left
 color: inherit; @ http://localhost:4000/phoenix/live_reload/frame:1828
[  611221ms] [WARNING] %c📡 [warning] ** (Req.TransportError) timeout
 color: inherit; @ http://localhost:4000/phoenix/live_reload/frame:1828
[  617225ms] [WARNING] %c📡 [warning] retry: got exception, will retry in 2000ms, 2 attempts left
 color: inherit; @ http://localhost:4000/phoenix/live_reload/frame:1828
[  617225ms] [WARNING] %c📡 [warning] ** (Req.TransportError) timeout
 color: inherit; @ http://localhost:4000/phoenix/live_reload/frame:1828
[  624228ms] [WARNING] %c📡 [warning] retry: got exception, will retry in 4000ms, 1 attempt left
 color: inherit; @ http://localhost:4000/phoenix/live_reload/frame:1828
[  624238ms] [WARNING] %c📡 [warning] ** (Req.TransportError) timeout
 color: inherit; @ http://localhost:4000/phoenix/live_reload/frame:1828
[  631814ms] [LOG] phx-GKVLCK3gjuxBQQHE update:  -  {0: , 3: , 10: Object, 11: , p: Object} @ http://localhost:4000/assets/js/app.js:1863
[  631852ms] [LOG] phx-GKVLCK3gjuxBQQHE update:  -  {0: Object, 3: , 10: Object, 11: , p: Object} @ http://localhost:4000/assets/js/app.js:1863
[  632984ms] [LOG] phx-GKVLCK3gjuxBQQHE update:  -  {0: , 3: , 10: Object, 11: , p: Object} @ http://localhost:4000/assets/js/app.js:1863
[ 1319542ms] [INFO] %c📡 [info] GET /
 color: inherit; @ http://localhost:4000/phoenix/live_reload/frame:1828
[ 1319546ms] [INFO] %c📡 [info] Sent 200 in 7ms
 color: inherit; @ http://localhost:4000/phoenix/live_reload/frame:1828
[ 1319574ms] [INFO] %c📡 [info] GET /
 color: inherit; @ http://localhost:4000/phoenix/live_reload/frame:1828
[ 1319574ms] [INFO] %c📡 [info] Sent 200 in 2ms
 color: inherit; @ http://localhost:4000/phoenix/live_reload/frame:1828
[ 1319584ms] [LOG] phx-GKVLCK3gjuxBQQHE error: view crashed -  undefined @ http://localhost:4000/assets/js/app.js:1863
[ 1321415ms] [LOG] phx-GKVMDLD1N4RSyA4C mount:  -  {0: , 1: , 2: Object, 3: Object, 4: , 5: , 6: , 7: , 8: , 9: , 10: , 11: , p: Object, s: 8, r: 1} @ http://localhost:4000/assets/js/app.js:1863
[ 1329816ms] [INFO] %c📡 [info] GET /
 color: inherit; @ http://localhost:4000/phoenix/live_reload/frame:1828
[ 1329818ms] [INFO] %c📡 [info] Sent 200 in 3ms
 color: inherit; @ http://localhost:4000/phoenix/live_reload/frame:1828
[ 1329845ms] [INFO] %c📡 [info] GET /
 color: inherit; @ http://localhost:4000/phoenix/live_reload/frame:1828
[ 1329846ms] [INFO] %c📡 [info] Sent 200 in 3ms
 color: inherit; @ http://localhost:4000/phoenix/live_reload/frame:1828
[ 1329849ms] [LOG] phx-GKVMDLD1N4RSyA4C error: view crashed -  undefined @ http://localhost:4000/assets/js/app.js:1863
[ 1330147ms] [INFO] %c📡 [info] GET /
 color: inherit; @ http://localhost:4000/phoenix/live_reload/frame:1828
[ 1330148ms] [INFO] %c📡 [info] Sent 200 in 3ms
 color: inherit; @ http://localhost:4000/phoenix/live_reload/frame:1828
[ 1330150ms] [LOG] phx-GKVMDxUndwdT8Q_H error: view crashed -  undefined @ http://localhost:4000/assets/js/app.js:1863
[ 1331706ms] [LOG] phx-GKVMDycvO1I7aRgG mount:  -  {0: , 1: , 2: Object, 3: Object, 4: , 5: , 6: , 7: , 8: , 9: , 10: , 11: , p: Object, s: 8, r: 1} @ http://localhost:4000/assets/js/app.js:1863
[ 1362463ms] [INFO] %c📡 [info] GET /
 color: inherit; @ http://localhost:4000/phoenix/live_reload/frame:1828
[ 1362464ms] [INFO] %c📡 [info] Sent 200 in 3ms
 color: inherit; @ http://localhost:4000/phoenix/live_reload/frame:1828
[ 1362468ms] [LOG] phx-GKVMDycvO1I7aRgG error: view crashed -  undefined @ http://localhost:4000/assets/js/app.js:1863
[ 1362957ms] [INFO] %c📡 [info] GET /
 color: inherit; @ http://localhost:4000/phoenix/live_reload/frame:1828
[ 1362959ms] [INFO] %c📡 [info] Sent 200 in 3ms
 color: inherit; @ http://localhost:4000/phoenix/live_reload/frame:1828
[ 1362961ms] [LOG] phx-GKVMFq1c4MySSBIH error: view crashed -  undefined @ http://localhost:4000/assets/js/app.js:1863
[ 1364108ms] [LOG] phx-GKVMFsrWakmGjhKH mount:  -  {0: , 1: , 2: Object, 3: Object, 4: , 5: , 6: , 7: , 8: , 9: , 10: , 11: , p: Object, s: 8, r: 1} @ http://localhost:4000/assets/js/app.js:1863
[ 1681040ms] [LOG] phx-GKVMFsrWakmGjhKH error: view crashed -  undefined @ http://localhost:4000/assets/js/app.js:1863
[ 1681047ms] [ERROR] Failed to load resource: net::ERR_CONNECTION_REFUSED @ http://localhost:4000/live/longpoll?_csrf_token=WA04UkdcBgYvO2Avfw40VCMAQSkZGQYujnKcj3bMHc7Z39W2juwKviVF&_track_static%5B0%5D=http%3A%2F%2Flocalhost%3A4000%2Fassets%2Fcss%2Fapp.css&_track_static%5B1%5D=http%3A%2F%2Flocalhost%3A4000%2Fassets%2Fjs%2Fapp.js&_mounts=0&_mount_attempts=0&_live_referer=undefined&vsn=2.0.0&token=SFMyNTY.g2gDaAR3AnYxbQAAABZQclZrc3kwRjFFQWVXZmk1UzFHZUJBWHcNbm9ub2RlQG5vaG9zdAAABuAAAAAAAAAAAG0AAAAscGh4OmxwOllOdTZ5WGFYbC80MHFlb21oRU9pTWc9PTE3NzU5MDkyODg5NDFuBgDvO3F8nQFiABJ1AA.f_Xk0RmMCNuKlSpWNSdMw40GxtQ4gOUXWDtKw6gzPCM:0
[ 1681065ms] [ERROR] WebSocket connection to 'ws://localhost:4000/phoenix/live_reload/socket/websocket?vsn=2.0.0' failed: Error in connection establishment: net::ERR_CONNECTION_REFUSED @ http://localhost:4000/phoenix/live_reload/frame:1340
[ 1681065ms] [ERROR] Failed to load resource: net::ERR_CONNECTION_REFUSED @ http://localhost:4000/live/longpoll?_csrf_token=WA04UkdcBgYvO2Avfw40VCMAQSkZGQYujnKcj3bMHc7Z39W2juwKviVF&_track_static%5B0%5D=http%3A%2F%2Flocalhost%3A4000%2Fassets%2Fcss%2Fapp.css&_track_static%5B1%5D=http%3A%2F%2Flocalhost%3A4000%2Fassets%2Fjs%2Fapp.js&_mounts=0&_mount_attempts=0&_live_referer=undefined&vsn=2.0.0&:0
[ 1681118ms] [ERROR] WebSocket connection to 'ws://localhost:4000/phoenix/live_reload/socket/websocket?vsn=2.0.0' failed: Error in connection establishment: net::ERR_CONNECTION_REFUSED @ http://localhost:4000/phoenix/live_reload/frame:1340
[ 1681119ms] [ERROR] Failed to load resource: net::ERR_CONNECTION_REFUSED @ http://localhost:4000/live/longpoll?_csrf_token=WA04UkdcBgYvO2Avfw40VCMAQSkZGQYujnKcj3bMHc7Z39W2juwKviVF&_track_static%5B0%5D=http%3A%2F%2Flocalhost%3A4000%2Fassets%2Fcss%2Fapp.css&_track_static%5B1%5D=http%3A%2F%2Flocalhost%3A4000%2Fassets%2Fjs%2Fapp.js&_mounts=0&_mount_attempts=0&_live_referer=undefined&vsn=2.0.0&:0
[ 1681220ms] [ERROR] WebSocket connection to 'ws://localhost:4000/phoenix/live_reload/socket/websocket?vsn=2.0.0' failed: Error in connection establishment: net::ERR_CONNECTION_REFUSED @ http://localhost:4000/phoenix/live_reload/frame:1340
[ 1681220ms] [ERROR] Failed to load resource: net::ERR_CONNECTION_REFUSED @ http://localhost:4000/live/longpoll?_csrf_token=WA04UkdcBgYvO2Avfw40VCMAQSkZGQYujnKcj3bMHc7Z39W2juwKviVF&_track_static%5B0%5D=http%3A%2F%2Flocalhost%3A4000%2Fassets%2Fcss%2Fapp.css&_track_static%5B1%5D=http%3A%2F%2Flocalhost%3A4000%2Fassets%2Fjs%2Fapp.js&_mounts=0&_mount_attempts=0&_live_referer=undefined&vsn=2.0.0&:0
[ 1681372ms] [ERROR] WebSocket connection to 'ws://localhost:4000/phoenix/live_reload/socket/websocket?vsn=2.0.0' failed: Error in connection establishment: net::ERR_CONNECTION_REFUSED @ http://localhost:4000/phoenix/live_reload/frame:1340
[ 1681372ms] [ERROR] Failed to load resource: net::ERR_CONNECTION_REFUSED @ http://localhost:4000/live/longpoll?_csrf_token=WA04UkdcBgYvO2Avfw40VCMAQSkZGQYujnKcj3bMHc7Z39W2juwKviVF&_track_static%5B0%5D=http%3A%2F%2Flocalhost%3A4000%2Fassets%2Fcss%2Fapp.css&_track_static%5B1%5D=http%3A%2F%2Flocalhost%3A4000%2Fassets%2Fjs%2Fapp.js&_mounts=0&_mount_attempts=0&_live_referer=undefined&vsn=2.0.0&:0
[ 1681574ms] [ERROR] Failed to load resource: net::ERR_CONNECTION_REFUSED @ http://localhost:4000/live/longpoll?_csrf_token=WA04UkdcBgYvO2Avfw40VCMAQSkZGQYujnKcj3bMHc7Z39W2juwKviVF&_track_static%5B0%5D=http%3A%2F%2Flocalhost%3A4000%2Fassets%2Fcss%2Fapp.css&_track_static%5B1%5D=http%3A%2F%2Flocalhost%3A4000%2Fassets%2Fjs%2Fapp.js&_mounts=0&_mount_attempts=0&_live_referer=undefined&vsn=2.0.0&:0
[ 1681574ms] [ERROR] WebSocket connection to 'ws://localhost:4000/phoenix/live_reload/socket/websocket?vsn=2.0.0' failed: Error in connection establishment: net::ERR_CONNECTION_REFUSED @ http://localhost:4000/phoenix/live_reload/frame:1340
[ 1681826ms] [ERROR] Failed to load resource: net::ERR_CONNECTION_REFUSED @ http://localhost:4000/live/longpoll?_csrf_token=WA04UkdcBgYvO2Avfw40VCMAQSkZGQYujnKcj3bMHc7Z39W2juwKviVF&_track_static%5B0%5D=http%3A%2F%2Flocalhost%3A4000%2Fassets%2Fcss%2Fapp.css&_track_static%5B1%5D=http%3A%2F%2Flocalhost%3A4000%2Fassets%2Fjs%2Fapp.js&_mounts=0&_mount_attempts=0&_live_referer=undefined&vsn=2.0.0&:0
[ 1681828ms] [ERROR] WebSocket connection to 'ws://localhost:4000/phoenix/live_reload/socket/websocket?vsn=2.0.0' failed: Error in connection establishment: net::ERR_CONNECTION_REFUSED @ http://localhost:4000/phoenix/live_reload/frame:1340
[ 1682328ms] [ERROR] Failed to load resource: net::ERR_CONNECTION_REFUSED @ http://localhost:4000/live/longpoll?_csrf_token=WA04UkdcBgYvO2Avfw40VCMAQSkZGQYujnKcj3bMHc7Z39W2juwKviVF&_track_static%5B0%5D=http%3A%2F%2Flocalhost%3A4000%2Fassets%2Fcss%2Fapp.css&_track_static%5B1%5D=http%3A%2F%2Flocalhost%3A4000%2Fassets%2Fjs%2Fapp.js&_mounts=0&_mount_attempts=0&_live_referer=undefined&vsn=2.0.0&:0
[ 1682340ms] [ERROR] WebSocket connection to 'ws://localhost:4000/phoenix/live_reload/socket/websocket?vsn=2.0.0' failed: Error in connection establishment: net::ERR_CONNECTION_REFUSED @ http://localhost:4000/phoenix/live_reload/frame:1340
[ 1685171ms] [LOG] phx-GKVMFsrWakmGjhKH mount:  -  {0: , 1: , 2: Object, 3: Object, 4: , 5: , 6: , 7: , 8: , 9: , 10: , 11: , p: Object, s: 8, r: 1} @ http://localhost:4000/assets/js/app.js:1863
[ 1787635ms] [LOG] phx-GKVMFsrWakmGjhKH update:  -  {2: Object, 3: , 4: , 5: , 6: , 7: , 8: , 9: , 10: Object, 11: , p: Object} @ http://localhost:4000/assets/js/app.js:1863
[ 1791483ms] [LOG] phx-GKVMFsrWakmGjhKH update:  -  {0: Object, p: Object} @ http://localhost:4000/assets/js/app.js:1863
[ 1792823ms] [LOG] phx-GKVMFsrWakmGjhKH update:  -  {0: , 3: , 10: Object, 11: , p: Object} @ http://localhost:4000/assets/js/app.js:1863
[ 2389513ms] [LOG] phx-GKVMFsrWakmGjhKH error: view crashed -  undefined @ http://localhost:4000/assets/js/app.js:1863
[ 2389522ms] [ERROR] Failed to load resource: net::ERR_CONNECTION_REFUSED @ http://localhost:4000/live/longpoll?_csrf_token=WA04UkdcBgYvO2Avfw40VCMAQSkZGQYujnKcj3bMHc7Z39W2juwKviVF&_track_static%5B0%5D=http%3A%2F%2Flocalhost%3A4000%2Fassets%2Fcss%2Fapp.css&_track_static%5B1%5D=http%3A%2F%2Flocalhost%3A4000%2Fassets%2Fjs%2Fapp.js&_mounts=0&_mount_attempts=0&_live_referer=undefined&vsn=2.0.0&token=SFMyNTY.g2gDaAR3AnYxbQAAABZnSDFmUHU4dDZlbzNqRTM3Nk00ZEJnWHcNbm9ub2RlQG5vaG9zdAAAAnoAAAAAAAAAAG0AAAAscGh4OmxwOlJoL1Z4ZHBzRitaSldwZ1pwak03R3c9PTE3NzU5MDk2MDkyNTduBgAzH3Z8nQFiABJ1AA.QFZD11_g299rizYECM_NE9Z7t3tk9EzTNmGqPORb-cY:0
[ 2389529ms] [ERROR] WebSocket connection to 'ws://localhost:4000/phoenix/live_reload/socket/websocket?vsn=2.0.0' failed: Error in connection establishment: net::ERR_CONNECTION_REFUSED @ http://localhost:4000/phoenix/live_reload/frame:1340
[ 2389530ms] [ERROR] Failed to load resource: net::ERR_CONNECTION_REFUSED @ http://localhost:4000/live/longpoll?_csrf_token=WA04UkdcBgYvO2Avfw40VCMAQSkZGQYujnKcj3bMHc7Z39W2juwKviVF&_track_static%5B0%5D=http%3A%2F%2Flocalhost%3A4000%2Fassets%2Fcss%2Fapp.css&_track_static%5B1%5D=http%3A%2F%2Flocalhost%3A4000%2Fassets%2Fjs%2Fapp.js&_mounts=1&_mount_attempts=0&_live_referer=undefined&vsn=2.0.0&:0
[ 2389582ms] [ERROR] WebSocket connection to 'ws://localhost:4000/phoenix/live_reload/socket/websocket?vsn=2.0.0' failed: Error in connection establishment: net::ERR_CONNECTION_REFUSED @ http://localhost:4000/phoenix/live_reload/frame:1340
[ 2389582ms] [ERROR] Failed to load resource: net::ERR_CONNECTION_REFUSED @ http://localhost:4000/live/longpoll?_csrf_token=WA04UkdcBgYvO2Avfw40VCMAQSkZGQYujnKcj3bMHc7Z39W2juwKviVF&_track_static%5B0%5D=http%3A%2F%2Flocalhost%3A4000%2Fassets%2Fcss%2Fapp.css&_track_static%5B1%5D=http%3A%2F%2Flocalhost%3A4000%2Fassets%2Fjs%2Fapp.js&_mounts=1&_mount_attempts=0&_live_referer=undefined&vsn=2.0.0&:0
[ 2389684ms] [ERROR] WebSocket connection to 'ws://localhost:4000/phoenix/live_reload/socket/websocket?vsn=2.0.0' failed: Error in connection establishment: net::ERR_CONNECTION_REFUSED @ http://localhost:4000/phoenix/live_reload/frame:1340
[ 2389684ms] [ERROR] Failed to load resource: net::ERR_CONNECTION_REFUSED @ http://localhost:4000/live/longpoll?_csrf_token=WA04UkdcBgYvO2Avfw40VCMAQSkZGQYujnKcj3bMHc7Z39W2juwKviVF&_track_static%5B0%5D=http%3A%2F%2Flocalhost%3A4000%2Fassets%2Fcss%2Fapp.css&_track_static%5B1%5D=http%3A%2F%2Flocalhost%3A4000%2Fassets%2Fjs%2Fapp.js&_mounts=1&_mount_attempts=0&_live_referer=undefined&vsn=2.0.0&:0
[ 2389836ms] [ERROR] Failed to load resource: net::ERR_CONNECTION_REFUSED @ http://localhost:4000/live/longpoll?_csrf_token=WA04UkdcBgYvO2Avfw40VCMAQSkZGQYujnKcj3bMHc7Z39W2juwKviVF&_track_static%5B0%5D=http%3A%2F%2Flocalhost%3A4000%2Fassets%2Fcss%2Fapp.css&_track_static%5B1%5D=http%3A%2F%2Flocalhost%3A4000%2Fassets%2Fjs%2Fapp.js&_mounts=1&_mount_attempts=0&_live_referer=undefined&vsn=2.0.0&:0
[ 2389875ms] [ERROR] WebSocket connection to 'ws://localhost:4000/phoenix/live_reload/socket/websocket?vsn=2.0.0' failed: Error in connection establishment: net::ERR_CONNECTION_REFUSED @ http://localhost:4000/phoenix/live_reload/frame:1340
[ 2390037ms] [ERROR] Failed to load resource: net::ERR_CONNECTION_REFUSED @ http://localhost:4000/live/longpoll?_csrf_token=WA04UkdcBgYvO2Avfw40VCMAQSkZGQYujnKcj3bMHc7Z39W2juwKviVF&_track_static%5B0%5D=http%3A%2F%2Flocalhost%3A4000%2Fassets%2Fcss%2Fapp.css&_track_static%5B1%5D=http%3A%2F%2Flocalhost%3A4000%2Fassets%2Fjs%2Fapp.js&_mounts=1&_mount_attempts=0&_live_referer=undefined&vsn=2.0.0&:0
[ 2390078ms] [ERROR] WebSocket connection to 'ws://localhost:4000/phoenix/live_reload/socket/websocket?vsn=2.0.0' failed: Error in connection establishment: net::ERR_CONNECTION_REFUSED @ http://localhost:4000/phoenix/live_reload/frame:1340
[ 2390289ms] [ERROR] Failed to load resource: net::ERR_CONNECTION_REFUSED @ http://localhost:4000/live/longpoll?_csrf_token=WA04UkdcBgYvO2Avfw40VCMAQSkZGQYujnKcj3bMHc7Z39W2juwKviVF&_track_static%5B0%5D=http%3A%2F%2Flocalhost%3A4000%2Fassets%2Fcss%2Fapp.css&_track_static%5B1%5D=http%3A%2F%2Flocalhost%3A4000%2Fassets%2Fjs%2Fapp.js&_mounts=1&_mount_attempts=0&_live_referer=undefined&vsn=2.0.0&:0
[ 2390331ms] [ERROR] WebSocket connection to 'ws://localhost:4000/phoenix/live_reload/socket/websocket?vsn=2.0.0' failed: Error in connection establishment: net::ERR_CONNECTION_REFUSED @ http://localhost:4000/phoenix/live_reload/frame:1340
[ 2390791ms] [ERROR] Failed to load resource: net::ERR_CONNECTION_REFUSED @ http://localhost:4000/live/longpoll?_csrf_token=WA04UkdcBgYvO2Avfw40VCMAQSkZGQYujnKcj3bMHc7Z39W2juwKviVF&_track_static%5B0%5D=http%3A%2F%2Flocalhost%3A4000%2Fassets%2Fcss%2Fapp.css&_track_static%5B1%5D=http%3A%2F%2Flocalhost%3A4000%2Fassets%2Fjs%2Fapp.js&_mounts=1&_mount_attempts=0&_live_referer=undefined&vsn=2.0.0&:0
[ 2390840ms] [ERROR] WebSocket connection to 'ws://localhost:4000/phoenix/live_reload/socket/websocket?vsn=2.0.0' failed: Error in connection establishment: net::ERR_CONNECTION_REFUSED @ http://localhost:4000/phoenix/live_reload/frame:1340
[ 2391793ms] [ERROR] Failed to load resource: net::ERR_CONNECTION_REFUSED @ http://localhost:4000/live/longpoll?_csrf_token=WA04UkdcBgYvO2Avfw40VCMAQSkZGQYujnKcj3bMHc7Z39W2juwKviVF&_track_static%5B0%5D=http%3A%2F%2Flocalhost%3A4000%2Fassets%2Fcss%2Fapp.css&_track_static%5B1%5D=http%3A%2F%2Flocalhost%3A4000%2Fassets%2Fjs%2Fapp.js&_mounts=1&_mount_attempts=0&_live_referer=undefined&vsn=2.0.0&:0
[ 2391863ms] [ERROR] WebSocket connection to 'ws://localhost:4000/phoenix/live_reload/socket/websocket?vsn=2.0.0' failed: Error in connection establishment: net::ERR_CONNECTION_REFUSED @ http://localhost:4000/phoenix/live_reload/frame:1340
[ 2393796ms] [ERROR] Failed to load resource: net::ERR_CONNECTION_REFUSED @ http://localhost:4000/live/longpoll?_csrf_token=WA04UkdcBgYvO2Avfw40VCMAQSkZGQYujnKcj3bMHc7Z39W2juwKviVF&_track_static%5B0%5D=http%3A%2F%2Flocalhost%3A4000%2Fassets%2Fcss%2Fapp.css&_track_static%5B1%5D=http%3A%2F%2Flocalhost%3A4000%2Fassets%2Fjs%2Fapp.js&_mounts=1&_mount_attempts=0&_live_referer=undefined&vsn=2.0.0&:0
[ 2393901ms] [ERROR] WebSocket connection to 'ws://localhost:4000/phoenix/live_reload/socket/websocket?vsn=2.0.0' failed: Error in connection establishment: net::ERR_CONNECTION_REFUSED @ http://localhost:4000/phoenix/live_reload/frame:1340
[ 2398800ms] [ERROR] Failed to load resource: net::ERR_CONNECTION_REFUSED @ http://localhost:4000/live/longpoll?_csrf_token=WA04UkdcBgYvO2Avfw40VCMAQSkZGQYujnKcj3bMHc7Z39W2juwKviVF&_track_static%5B0%5D=http%3A%2F%2Flocalhost%3A4000%2Fassets%2Fcss%2Fapp.css&_track_static%5B1%5D=http%3A%2F%2Flocalhost%3A4000%2Fassets%2Fjs%2Fapp.js&_mounts=1&_mount_attempts=0&_live_referer=undefined&vsn=2.0.0&:0
[ 2398932ms] [ERROR] WebSocket connection to 'ws://localhost:4000/phoenix/live_reload/socket/websocket?vsn=2.0.0' failed: Error in connection establishment: net::ERR_CONNECTION_REFUSED @ http://localhost:4000/phoenix/live_reload/frame:1340
[ 2403802ms] [ERROR] Failed to load resource: net::ERR_CONNECTION_REFUSED @ http://localhost:4000/live/longpoll?_csrf_token=WA04UkdcBgYvO2Avfw40VCMAQSkZGQYujnKcj3bMHc7Z39W2juwKviVF&_track_static%5B0%5D=http%3A%2F%2Flocalhost%3A4000%2Fassets%2Fcss%2Fapp.css&_track_static%5B1%5D=http%3A%2F%2Flocalhost%3A4000%2Fassets%2Fjs%2Fapp.js&_mounts=1&_mount_attempts=0&_live_referer=undefined&vsn=2.0.0&:0
[ 2404034ms] [ERROR] WebSocket connection to 'ws://localhost:4000/phoenix/live_reload/socket/websocket?vsn=2.0.0' failed: Error in connection establishment: net::ERR_CONNECTION_REFUSED @ http://localhost:4000/phoenix/live_reload/frame:1340
[ 2408804ms] [ERROR] Failed to load resource: net::ERR_CONNECTION_REFUSED @ http://localhost:4000/live/longpoll?_csrf_token=WA04UkdcBgYvO2Avfw40VCMAQSkZGQYujnKcj3bMHc7Z39W2juwKviVF&_track_static%5B0%5D=http%3A%2F%2Flocalhost%3A4000%2Fassets%2Fcss%2Fapp.css&_track_static%5B1%5D=http%3A%2F%2Flocalhost%3A4000%2Fassets%2Fjs%2Fapp.js&_mounts=1&_mount_attempts=0&_live_referer=undefined&vsn=2.0.0&:0
[ 2409348ms] [ERROR] WebSocket connection to 'ws://localhost:4000/phoenix/live_reload/socket/websocket?vsn=2.0.0' failed: Error in connection establishment: net::ERR_CONNECTION_REFUSED @ http://localhost:4000/phoenix/live_reload/frame:1340
